{"C:\\Users\\Chibuzor Ezuma\\OneDrive - University Of Houston\\Documents\\UH SPRING SEMESTER 2026\\Barber-Shop-Web-App\\backend\\server.js": {"path":"C:\\Users\\Chibuzor Ezuma\\OneDrive - University Of Houston\\Documents\\UH SPRING SEMESTER 2026\\Barber-Shop-Web-App\\backend\\server.js","all":false,"statementMap":{"0":{"start":{"line":1,"column":0},"end":{"line":1,"column":20}},"1":{"start":{"line":2,"column":0},"end":{"line":2,"column":45}},"2":{"start":{"line":3,"column":0},"end":{"line":3,"column":42}},"3":{"start":{"line":4,"column":0},"end":{"line":4,"column":57}},"4":{"start":{"line":5,"column":0},"end":{"line":5,"column":58}},"5":{"start":{"line":6,"column":0},"end":{"line":6,"column":60}},"6":{"start":{"line":7,"column":0},"end":{"line":7,"column":60}},"7":{"start":{"line":8,"column":0},"end":{"line":8,"column":66}},"8":{"start":{"line":9,"column":0},"end":{"line":9,"column":50}},"9":{"start":{"line":10,"column":0},"end":{"line":10,"column":0}},"10":{"start":{"line":11,"column":0},"end":{"line":11,"column":23}},"11":{"start":{"line":12,"column":0},"end":{"line":12,"column":18}},"12":{"start":{"line":13,"column":0},"end":{"line":13,"column":0}},"13":{"start":{"line":14,"column":0},"end":{"line":14,"column":16}},"14":{"start":{"line":15,"column":0},"end":{"line":15,"column":24}},"15":{"start":{"line":16,"column":0},"end":{"line":16,"column":0}},"16":{"start":{"line":17,"column":0},"end":{"line":17,"column":81}},"17":{"start":{"line":18,"column":0},"end":{"line":18,"column":38}},"18":{"start":{"line":19,"column":0},"end":{"line":19,"column":39}},"19":{"start":{"line":20,"column":0},"end":{"line":20,"column":41}},"20":{"start":{"line":21,"column":0},"end":{"line":21,"column":41}},"21":{"start":{"line":22,"column":0},"end":{"line":22,"column":46}},"22":{"start":{"line":23,"column":0},"end":{"line":23,"column":0}},"23":{"start":{"line":24,"column":0},"end":{"line":24,"column":81}},"24":{"start":{"line":25,"column":0},"end":{"line":25,"column":63}},"25":{"start":{"line":26,"column":0},"end":{"line":26,"column":46}},"26":{"start":{"line":27,"column":0},"end":{"line":27,"column":44}},"27":{"start":{"line":28,"column":0},"end":{"line":28,"column":41}},"28":{"start":{"line":29,"column":0},"end":{"line":29,"column":18}},"29":{"start":{"line":30,"column":0},"end":{"line":30,"column":41}},"30":{"start":{"line":31,"column":0},"end":{"line":31,"column":5}},"31":{"start":{"line":32,"column":0},"end":{"line":32,"column":1}},"32":{"start":{"line":33,"column":0},"end":{"line":33,"column":0}},"33":{"start":{"line":34,"column":0},"end":{"line":34,"column":28}},"34":{"start":{"line":35,"column":0},"end":{"line":35,"column":46}},"35":{"start":{"line":36,"column":0},"end":{"line":36,"column":3}},"36":{"start":{"line":37,"column":0},"end":{"line":37,"column":0}},"37":{"start":{"line":38,"column":0},"end":{"line":38,"column":81}},"38":{"start":{"line":39,"column":0},"end":{"line":39,"column":30}},"39":{"start":{"line":40,"column":0},"end":{"line":40,"column":54}},"40":{"start":{"line":41,"column":0},"end":{"line":41,"column":62}},"41":{"start":{"line":42,"column":0},"end":{"line":42,"column":5}},"42":{"start":{"line":43,"column":0},"end":{"line":43,"column":0}},"43":{"start":{"line":44,"column":0},"end":{"line":44,"column":72}},"44":{"start":{"line":45,"column":0},"end":{"line":45,"column":0}},"45":{"start":{"line":46,"column":0},"end":{"line":46,"column":30}},"46":{"start":{"line":47,"column":0},"end":{"line":47,"column":39}},"47":{"start":{"line":48,"column":0},"end":{"line":48,"column":20}},"48":{"start":{"line":49,"column":0},"end":{"line":49,"column":5}},"49":{"start":{"line":50,"column":0},"end":{"line":50,"column":1}},"50":{"start":{"line":51,"column":0},"end":{"line":51,"column":0}},"51":{"start":{"line":52,"column":0},"end":{"line":52,"column":21}}},"s":{"0":1,"1":1,"2":1,"3":1,"4":1,"5":1,"6":1,"7":1,"8":1,"9":1,"10":1,"11":1,"12":1,"13":1,"14":1,"15":1,"16":1,"17":1,"18":1,"19":1,"20":1,"21":1,"22":1,"23":1,"24":1,"25":1,"26":1,"27":1,"28":167,"29":167,"30":1,"31":1,"32":1,"33":1,"34":1,"35":1,"36":1,"37":1,"38":1,"39":0,"40":0,"41":0,"42":0,"43":0,"44":0,"45":0,"46":0,"47":0,"48":0,"49":0,"50":1,"51":1},"branchMap":{"0":{"type":"branch","line":39,"loc":{"start":{"line":39,"column":29},"end":{"line":50,"column":1}},"locations":[{"start":{"line":39,"column":29},"end":{"line":50,"column":1}}]},"1":{"type":"branch","line":28,"loc":{"start":{"line":28,"column":26},"end":{"line":31,"column":3}},"locations":[{"start":{"line":28,"column":26},"end":{"line":31,"column":3}}]},"2":{"type":"branch","line":34,"loc":{"start":{"line":34,"column":13},"end":{"line":36,"column":2}},"locations":[{"start":{"line":34,"column":13},"end":{"line":36,"column":2}}]}},"b":{"0":[0],"1":[167],"2":[1]},"fnMap":{},"f":{}}
,"C:\\Users\\Chibuzor Ezuma\\OneDrive - University Of Houston\\Documents\\UH SPRING SEMESTER 2026\\Barber-Shop-Web-App\\backend\\data\\store.js": {"path":"C:\\Users\\Chibuzor Ezuma\\OneDrive - University Of Houston\\Documents\\UH SPRING SEMESTER 2026\\Barber-Shop-Web-App\\backend\\data\\store.js","all":false,"statementMap":{"0":{"start":{"line":1,"column":0},"end":{"line":1,"column":24}},"1":{"start":{"line":2,"column":0},"end":{"line":2,"column":49}},"2":{"start":{"line":3,"column":0},"end":{"line":3,"column":77}},"3":{"start":{"line":4,"column":0},"end":{"line":4,"column":77}},"4":{"start":{"line":5,"column":0},"end":{"line":5,"column":32}},"5":{"start":{"line":6,"column":0},"end":{"line":6,"column":0}},"6":{"start":{"line":7,"column":0},"end":{"line":7,"column":19}},"7":{"start":{"line":8,"column":0},"end":{"line":8,"column":42}},"8":{"start":{"line":9,"column":0},"end":{"line":9,"column":0}},"9":{"start":{"line":10,"column":0},"end":{"line":10,"column":23}},"10":{"start":{"line":11,"column":0},"end":{"line":11,"column":110}},"11":{"start":{"line":12,"column":0},"end":{"line":12,"column":110}},"12":{"start":{"line":13,"column":0},"end":{"line":13,"column":110}},"13":{"start":{"line":14,"column":0},"end":{"line":14,"column":110}},"14":{"start":{"line":15,"column":0},"end":{"line":15,"column":2}},"15":{"start":{"line":16,"column":0},"end":{"line":16,"column":0}},"16":{"start":{"line":17,"column":0},"end":{"line":17,"column":20}},"17":{"start":{"line":18,"column":0},"end":{"line":18,"column":98}},"18":{"start":{"line":19,"column":0},"end":{"line":19,"column":98}},"19":{"start":{"line":20,"column":0},"end":{"line":20,"column":2}},"20":{"start":{"line":21,"column":0},"end":{"line":21,"column":0}},"21":{"start":{"line":22,"column":0},"end":{"line":22,"column":15}},"22":{"start":{"line":23,"column":0},"end":{"line":23,"column":20}},"23":{"start":{"line":24,"column":0},"end":{"line":24,"column":20}},"24":{"start":{"line":25,"column":0},"end":{"line":25,"column":20}},"25":{"start":{"line":26,"column":0},"end":{"line":26,"column":20}},"26":{"start":{"line":27,"column":0},"end":{"line":27,"column":20}},"27":{"start":{"line":28,"column":0},"end":{"line":28,"column":0}},"28":{"start":{"line":29,"column":0},"end":{"line":29,"column":62}},"29":{"start":{"line":30,"column":0},"end":{"line":30,"column":11}},"30":{"start":{"line":31,"column":0},"end":{"line":31,"column":19}},"31":{"start":{"line":32,"column":0},"end":{"line":32,"column":57}},"32":{"start":{"line":33,"column":0},"end":{"line":33,"column":60}},"33":{"start":{"line":34,"column":0},"end":{"line":34,"column":28}},"34":{"start":{"line":35,"column":0},"end":{"line":35,"column":28}},"35":{"start":{"line":36,"column":0},"end":{"line":36,"column":28}},"36":{"start":{"line":37,"column":0},"end":{"line":37,"column":4}},"37":{"start":{"line":38,"column":0},"end":{"line":38,"column":0}},"38":{"start":{"line":39,"column":0},"end":{"line":39,"column":9}},"39":{"start":{"line":40,"column":0},"end":{"line":40,"column":2}},"40":{"start":{"line":41,"column":0},"end":{"line":41,"column":0}},"41":{"start":{"line":42,"column":0},"end":{"line":42,"column":30}},"42":{"start":{"line":43,"column":0},"end":{"line":43,"column":14}},"43":{"start":{"line":44,"column":0},"end":{"line":44,"column":0}},"44":{"start":{"line":45,"column":0},"end":{"line":45,"column":23}}},"s":{"0":1,"1":1,"2":1,"3":1,"4":1,"5":1,"6":1,"7":0,"8":1,"9":1,"10":1,"11":1,"12":1,"13":1,"14":1,"15":1,"16":1,"17":1,"18":1,"19":1,"20":1,"21":1,"22":1,"23":1,"24":1,"25":1,"26":1,"27":1,"28":1,"29":1,"30":168,"31":168,"32":168,"33":168,"34":168,"35":168,"36":1,"37":1,"38":1,"39":1,"40":1,"41":1,"42":1,"43":1,"44":1},"branchMap":{"0":{"type":"branch","line":30,"loc":{"start":{"line":30,"column":2},"end":{"line":37,"column":3}},"locations":[{"start":{"line":30,"column":2},"end":{"line":37,"column":3}}]},"1":{"type":"branch","line":32,"loc":{"start":{"line":32,"column":40},"end":{"line":32,"column":55}},"locations":[{"start":{"line":32,"column":40},"end":{"line":32,"column":55}}]},"2":{"type":"branch","line":33,"loc":{"start":{"line":33,"column":43},"end":{"line":33,"column":58}},"locations":[{"start":{"line":33,"column":43},"end":{"line":33,"column":58}}]}},"b":{"0":[168],"1":[336],"2":[672]},"fnMap":{"0":{"name":"nextId","decl":{"start":{"line":8,"column":0},"end":{"line":8,"column":42}},"loc":{"start":{"line":8,"column":0},"end":{"line":8,"column":42}},"line":8},"1":{"name":"reset","decl":{"start":{"line":30,"column":2},"end":{"line":37,"column":3}},"loc":{"start":{"line":30,"column":2},"end":{"line":37,"column":3}},"line":30}},"f":{"0":0,"1":168}}
,"C:\\Users\\Chibuzor Ezuma\\OneDrive - University Of Houston\\Documents\\UH SPRING SEMESTER 2026\\Barber-Shop-Web-App\\backend\\routes\\authRoutes.js": {"path":"C:\\Users\\Chibuzor Ezuma\\OneDrive - University Of Houston\\Documents\\UH SPRING SEMESTER 2026\\Barber-Shop-Web-App\\backend\\routes\\authRoutes.js","all":false,"statementMap":{"0":{"start":{"line":1,"column":0},"end":{"line":1,"column":31}},"1":{"start":{"line":2,"column":0},"end":{"line":2,"column":35}},"2":{"start":{"line":3,"column":0},"end":{"line":3,"column":33}},"3":{"start":{"line":4,"column":0},"end":{"line":4,"column":41}},"4":{"start":{"line":5,"column":0},"end":{"line":5,"column":0}},"5":{"start":{"line":6,"column":0},"end":{"line":6,"column":22}},"6":{"start":{"line":7,"column":0},"end":{"line":7,"column":40}},"7":{"start":{"line":8,"column":0},"end":{"line":8,"column":45}},"8":{"start":{"line":9,"column":0},"end":{"line":9,"column":0}},"9":{"start":{"line":10,"column":0},"end":{"line":10,"column":37}},"10":{"start":{"line":11,"column":0},"end":{"line":11,"column":68}},"11":{"start":{"line":12,"column":0},"end":{"line":12,"column":3}},"12":{"start":{"line":13,"column":0},"end":{"line":13,"column":0}},"13":{"start":{"line":14,"column":0},"end":{"line":14,"column":64}},"14":{"start":{"line":15,"column":0},"end":{"line":15,"column":21}},"15":{"start":{"line":16,"column":0},"end":{"line":16,"column":68}},"16":{"start":{"line":17,"column":0},"end":{"line":17,"column":3}},"17":{"start":{"line":18,"column":0},"end":{"line":18,"column":0}},"18":{"start":{"line":19,"column":0},"end":{"line":19,"column":19}},"19":{"start":{"line":20,"column":0},"end":{"line":20,"column":37}},"20":{"start":{"line":21,"column":0},"end":{"line":21,"column":9}},"21":{"start":{"line":22,"column":0},"end":{"line":22,"column":10}},"22":{"start":{"line":23,"column":0},"end":{"line":23,"column":13}},"23":{"start":{"line":24,"column":0},"end":{"line":24,"column":21}},"24":{"start":{"line":25,"column":0},"end":{"line":25,"column":4}},"25":{"start":{"line":26,"column":0},"end":{"line":26,"column":0}},"26":{"start":{"line":27,"column":0},"end":{"line":27,"column":28}},"27":{"start":{"line":28,"column":0},"end":{"line":28,"column":58}},"28":{"start":{"line":29,"column":0},"end":{"line":29,"column":3}},"29":{"start":{"line":30,"column":0},"end":{"line":30,"column":0}},"30":{"start":{"line":31,"column":0},"end":{"line":31,"column":19}},"31":{"start":{"line":32,"column":0},"end":{"line":32,"column":37}},"32":{"start":{"line":33,"column":0},"end":{"line":33,"column":39}},"33":{"start":{"line":34,"column":0},"end":{"line":34,"column":0}},"34":{"start":{"line":35,"column":0},"end":{"line":35,"column":32}},"35":{"start":{"line":36,"column":0},"end":{"line":36,"column":53}},"36":{"start":{"line":37,"column":0},"end":{"line":37,"column":4}},"37":{"start":{"line":38,"column":0},"end":{"line":38,"column":0}},"38":{"start":{"line":39,"column":0},"end":{"line":39,"column":14}},"39":{"start":{"line":40,"column":0},"end":{"line":40,"column":68}},"40":{"start":{"line":41,"column":0},"end":{"line":41,"column":3}},"41":{"start":{"line":42,"column":0},"end":{"line":42,"column":0}},"42":{"start":{"line":43,"column":0},"end":{"line":43,"column":50}},"43":{"start":{"line":44,"column":0},"end":{"line":44,"column":3}},"44":{"start":{"line":45,"column":0},"end":{"line":45,"column":0}},"45":{"start":{"line":46,"column":0},"end":{"line":46,"column":24}}},"s":{"0":1,"1":1,"2":1,"3":1,"4":1,"5":1,"6":1,"7":12,"8":12,"9":12,"10":4,"11":4,"12":8,"13":8,"14":12,"15":2,"16":2,"17":6,"18":6,"19":6,"20":6,"21":6,"22":6,"23":6,"24":6,"25":6,"26":6,"27":6,"28":1,"29":1,"30":1,"31":1,"32":7,"33":7,"34":7,"35":7,"36":7,"37":7,"38":7,"39":3,"40":3,"41":4,"42":4,"43":1,"44":1,"45":1},"branchMap":{"0":{"type":"branch","line":7,"loc":{"start":{"line":7,"column":25},"end":{"line":29,"column":2}},"locations":[{"start":{"line":7,"column":25},"end":{"line":29,"column":2}}]},"1":{"type":"branch","line":10,"loc":{"start":{"line":10,"column":11},"end":{"line":10,"column":21}},"locations":[{"start":{"line":10,"column":11},"end":{"line":10,"column":21}}]},"2":{"type":"branch","line":10,"loc":{"start":{"line":10,"column":21},"end":{"line":10,"column":34}},"locations":[{"start":{"line":10,"column":21},"end":{"line":10,"column":34}}]},"3":{"type":"branch","line":10,"loc":{"start":{"line":10,"column":36},"end":{"line":12,"column":3}},"locations":[{"start":{"line":10,"column":36},"end":{"line":12,"column":3}}]},"4":{"type":"branch","line":12,"loc":{"start":{"line":12,"column":2},"end":{"line":15,"column":20}},"locations":[{"start":{"line":12,"column":2},"end":{"line":15,"column":20}}]},"5":{"type":"branch","line":15,"loc":{"start":{"line":15,"column":20},"end":{"line":17,"column":3}},"locations":[{"start":{"line":15,"column":20},"end":{"line":17,"column":3}}]},"6":{"type":"branch","line":17,"loc":{"start":{"line":17,"column":2},"end":{"line":29,"column":2}},"locations":[{"start":{"line":17,"column":2},"end":{"line":29,"column":2}}]},"7":{"type":"branch","line":14,"loc":{"start":{"line":14,"column":40},"end":{"line":14,"column":62}},"locations":[{"start":{"line":14,"column":40},"end":{"line":14,"column":62}}]},"8":{"type":"branch","line":32,"loc":{"start":{"line":32,"column":22},"end":{"line":44,"column":2}},"locations":[{"start":{"line":32,"column":22},"end":{"line":44,"column":2}}]},"9":{"type":"branch","line":39,"loc":{"start":{"line":39,"column":13},"end":{"line":41,"column":3}},"locations":[{"start":{"line":39,"column":13},"end":{"line":41,"column":3}}]},"10":{"type":"branch","line":41,"loc":{"start":{"line":41,"column":2},"end":{"line":44,"column":2}},"locations":[{"start":{"line":41,"column":2},"end":{"line":44,"column":2}}]},"11":{"type":"branch","line":36,"loc":{"start":{"line":36,"column":4},"end":{"line":36,"column":53}},"locations":[{"start":{"line":36,"column":4},"end":{"line":36,"column":53}}]},"12":{"type":"branch","line":36,"loc":{"start":{"line":36,"column":26},"end":{"line":36,"column":53}},"locations":[{"start":{"line":36,"column":26},"end":{"line":36,"column":53}}]}},"b":{"0":[12],"1":[10],"2":[9],"3":[4],"4":[8],"5":[2],"6":[6],"7":[16],"8":[7],"9":[3],"10":[4],"11":[15],"12":[5]},"fnMap":{},"f":{}}
,"C:\\Users\\Chibuzor Ezuma\\OneDrive - University Of Houston\\Documents\\UH SPRING SEMESTER 2026\\Barber-Shop-Web-App\\backend\\routes\\historyRoutes.js": {"path":"C:\\Users\\Chibuzor Ezuma\\OneDrive - University Of Houston\\Documents\\UH SPRING SEMESTER 2026\\Barber-Shop-Web-App\\backend\\routes\\historyRoutes.js","all":false,"statementMap":{"0":{"start":{"line":1,"column":0},"end":{"line":1,"column":34}},"1":{"start":{"line":2,"column":0},"end":{"line":2,"column":35}},"2":{"start":{"line":3,"column":0},"end":{"line":3,"column":33}},"3":{"start":{"line":4,"column":0},"end":{"line":4,"column":41}},"4":{"start":{"line":5,"column":0},"end":{"line":5,"column":0}},"5":{"start":{"line":6,"column":0},"end":{"line":6,"column":30}},"6":{"start":{"line":7,"column":0},"end":{"line":7,"column":31}},"7":{"start":{"line":8,"column":0},"end":{"line":8,"column":26}},"8":{"start":{"line":9,"column":0},"end":{"line":9,"column":3}},"9":{"start":{"line":10,"column":0},"end":{"line":10,"column":0}},"10":{"start":{"line":11,"column":0},"end":{"line":11,"column":28}},"11":{"start":{"line":12,"column":0},"end":{"line":12,"column":43}},"12":{"start":{"line":13,"column":0},"end":{"line":13,"column":43}},"13":{"start":{"line":14,"column":0},"end":{"line":14,"column":55}},"14":{"start":{"line":15,"column":0},"end":{"line":15,"column":4}},"15":{"start":{"line":16,"column":0},"end":{"line":16,"column":24}},"16":{"start":{"line":17,"column":0},"end":{"line":17,"column":3}},"17":{"start":{"line":18,"column":0},"end":{"line":18,"column":0}},"18":{"start":{"line":19,"column":0},"end":{"line":19,"column":24}}},"s":{"0":1,"1":1,"2":1,"3":1,"4":1,"5":1,"6":1,"7":3,"8":1,"9":1,"10":1,"11":1,"12":13,"13":13,"14":13,"15":13,"16":1,"17":1,"18":1},"branchMap":{"0":{"type":"branch","line":7,"loc":{"start":{"line":7,"column":16},"end":{"line":9,"column":2}},"locations":[{"start":{"line":7,"column":16},"end":{"line":9,"column":2}}]},"1":{"type":"branch","line":12,"loc":{"start":{"line":12,"column":28},"end":{"line":17,"column":2}},"locations":[{"start":{"line":12,"column":28},"end":{"line":17,"column":2}}]},"2":{"type":"branch","line":14,"loc":{"start":{"line":14,"column":4},"end":{"line":14,"column":55}},"locations":[{"start":{"line":14,"column":4},"end":{"line":14,"column":55}}]}},"b":{"0":[3],"1":[13],"2":[14]},"fnMap":{},"f":{}}
,"C:\\Users\\Chibuzor Ezuma\\OneDrive - University Of Houston\\Documents\\UH SPRING SEMESTER 2026\\Barber-Shop-Web-App\\backend\\routes\\notificationRoutes.js": {"path":"C:\\Users\\Chibuzor Ezuma\\OneDrive - University Of Houston\\Documents\\UH SPRING SEMESTER 2026\\Barber-Shop-Web-App\\backend\\routes\\notificationRoutes.js","all":false,"statementMap":{"0":{"start":{"line":1,"column":0},"end":{"line":1,"column":39}},"1":{"start":{"line":2,"column":0},"end":{"line":2,"column":35}},"2":{"start":{"line":3,"column":0},"end":{"line":3,"column":33}},"3":{"start":{"line":4,"column":0},"end":{"line":4,"column":41}},"4":{"start":{"line":5,"column":0},"end":{"line":5,"column":0}},"5":{"start":{"line":6,"column":0},"end":{"line":6,"column":34}},"6":{"start":{"line":7,"column":0},"end":{"line":7,"column":43}},"7":{"start":{"line":8,"column":0},"end":{"line":8,"column":48}},"8":{"start":{"line":9,"column":0},"end":{"line":9,"column":55}},"9":{"start":{"line":10,"column":0},"end":{"line":10,"column":4}},"10":{"start":{"line":11,"column":0},"end":{"line":11,"column":23}},"11":{"start":{"line":12,"column":0},"end":{"line":12,"column":3}},"12":{"start":{"line":13,"column":0},"end":{"line":13,"column":0}},"13":{"start":{"line":14,"column":0},"end":{"line":14,"column":28}},"14":{"start":{"line":15,"column":0},"end":{"line":15,"column":37}},"15":{"start":{"line":16,"column":0},"end":{"line":16,"column":83}},"16":{"start":{"line":17,"column":0},"end":{"line":17,"column":87}},"17":{"start":{"line":18,"column":0},"end":{"line":18,"column":57}},"18":{"start":{"line":19,"column":0},"end":{"line":19,"column":57}},"19":{"start":{"line":20,"column":0},"end":{"line":20,"column":3}},"20":{"start":{"line":21,"column":0},"end":{"line":21,"column":0}},"21":{"start":{"line":22,"column":0},"end":{"line":22,"column":24}}},"s":{"0":1,"1":1,"2":1,"3":1,"4":1,"5":1,"6":1,"7":18,"8":18,"9":18,"10":18,"11":1,"12":1,"13":1,"14":1,"15":3,"16":3,"17":2,"18":2,"19":1,"20":1,"21":1},"branchMap":{"0":{"type":"branch","line":7,"loc":{"start":{"line":7,"column":28},"end":{"line":12,"column":2}},"locations":[{"start":{"line":7,"column":28},"end":{"line":12,"column":2}}]},"1":{"type":"branch","line":9,"loc":{"start":{"line":9,"column":4},"end":{"line":9,"column":55}},"locations":[{"start":{"line":9,"column":4},"end":{"line":9,"column":55}}]},"2":{"type":"branch","line":15,"loc":{"start":{"line":15,"column":22},"end":{"line":20,"column":2}},"locations":[{"start":{"line":15,"column":22},"end":{"line":20,"column":2}}]},"3":{"type":"branch","line":17,"loc":{"start":{"line":17,"column":20},"end":{"line":17,"column":87}},"locations":[{"start":{"line":17,"column":20},"end":{"line":17,"column":87}}]},"4":{"type":"branch","line":17,"loc":{"start":{"line":17,"column":86},"end":{"line":20,"column":2}},"locations":[{"start":{"line":17,"column":86},"end":{"line":20,"column":2}}]},"5":{"type":"branch","line":16,"loc":{"start":{"line":16,"column":46},"end":{"line":16,"column":81}},"locations":[{"start":{"line":16,"column":46},"end":{"line":16,"column":81}}]}},"b":{"0":[18],"1":[32],"2":[3],"3":[1],"4":[2],"5":[2]},"fnMap":{},"f":{}}
,"C:\\Users\\Chibuzor Ezuma\\OneDrive - University Of Houston\\Documents\\UH SPRING SEMESTER 2026\\Barber-Shop-Web-App\\backend\\routes\\queueRoutes.js": {"path":"C:\\Users\\Chibuzor Ezuma\\OneDrive - University Of Houston\\Documents\\UH SPRING SEMESTER 2026\\Barber-Shop-Web-App\\backend\\routes\\queueRoutes.js","all":false,"statementMap":{"0":{"start":{"line":1,"column":0},"end":{"line":1,"column":32}},"1":{"start":{"line":2,"column":0},"end":{"line":2,"column":35}},"2":{"start":{"line":3,"column":0},"end":{"line":3,"column":33}},"3":{"start":{"line":4,"column":0},"end":{"line":4,"column":41}},"4":{"start":{"line":5,"column":0},"end":{"line":5,"column":73}},"5":{"start":{"line":6,"column":0},"end":{"line":6,"column":0}},"6":{"start":{"line":7,"column":0},"end":{"line":7,"column":80}},"7":{"start":{"line":8,"column":0},"end":{"line":8,"column":0}},"8":{"start":{"line":9,"column":0},"end":{"line":9,"column":34}},"9":{"start":{"line":10,"column":0},"end":{"line":10,"column":69}},"10":{"start":{"line":11,"column":0},"end":{"line":11,"column":25}},"11":{"start":{"line":12,"column":0},"end":{"line":12,"column":79}},"12":{"start":{"line":13,"column":0},"end":{"line":13,"column":34}},"13":{"start":{"line":14,"column":0},"end":{"line":14,"column":74}},"14":{"start":{"line":15,"column":0},"end":{"line":15,"column":65}},"15":{"start":{"line":16,"column":0},"end":{"line":16,"column":66}},"16":{"start":{"line":17,"column":0},"end":{"line":17,"column":59}},"17":{"start":{"line":18,"column":0},"end":{"line":18,"column":1}},"18":{"start":{"line":19,"column":0},"end":{"line":19,"column":0}},"19":{"start":{"line":20,"column":0},"end":{"line":20,"column":44}},"20":{"start":{"line":21,"column":0},"end":{"line":21,"column":28}},"21":{"start":{"line":22,"column":0},"end":{"line":22,"column":46}},"22":{"start":{"line":23,"column":0},"end":{"line":23,"column":11}},"23":{"start":{"line":24,"column":0},"end":{"line":24,"column":12}},"24":{"start":{"line":25,"column":0},"end":{"line":25,"column":26}},"25":{"start":{"line":26,"column":0},"end":{"line":26,"column":5}},"26":{"start":{"line":27,"column":0},"end":{"line":27,"column":1}},"27":{"start":{"line":28,"column":0},"end":{"line":28,"column":0}},"28":{"start":{"line":29,"column":0},"end":{"line":29,"column":80}},"29":{"start":{"line":30,"column":0},"end":{"line":30,"column":0}},"30":{"start":{"line":31,"column":0},"end":{"line":31,"column":13}},"31":{"start":{"line":32,"column":0},"end":{"line":32,"column":31}},"32":{"start":{"line":33,"column":0},"end":{"line":33,"column":24}},"33":{"start":{"line":34,"column":0},"end":{"line":34,"column":3}},"34":{"start":{"line":35,"column":0},"end":{"line":35,"column":0}},"35":{"start":{"line":36,"column":0},"end":{"line":36,"column":19}},"36":{"start":{"line":37,"column":0},"end":{"line":37,"column":36}},"37":{"start":{"line":38,"column":0},"end":{"line":38,"column":47}},"38":{"start":{"line":39,"column":0},"end":{"line":39,"column":0}},"39":{"start":{"line":40,"column":0},"end":{"line":40,"column":39}},"40":{"start":{"line":41,"column":0},"end":{"line":41,"column":89}},"41":{"start":{"line":42,"column":0},"end":{"line":42,"column":3}},"42":{"start":{"line":43,"column":0},"end":{"line":43,"column":59}},"43":{"start":{"line":44,"column":0},"end":{"line":44,"column":96}},"44":{"start":{"line":45,"column":0},"end":{"line":45,"column":3}},"45":{"start":{"line":46,"column":0},"end":{"line":46,"column":0}},"46":{"start":{"line":47,"column":0},"end":{"line":47,"column":71}},"47":{"start":{"line":48,"column":0},"end":{"line":48,"column":17}},"48":{"start":{"line":49,"column":0},"end":{"line":49,"column":66}},"49":{"start":{"line":50,"column":0},"end":{"line":50,"column":3}},"50":{"start":{"line":51,"column":0},"end":{"line":51,"column":0}},"51":{"start":{"line":52,"column":0},"end":{"line":52,"column":36}},"52":{"start":{"line":53,"column":0},"end":{"line":53,"column":47}},"53":{"start":{"line":54,"column":0},"end":{"line":54,"column":45}},"54":{"start":{"line":55,"column":0},"end":{"line":55,"column":30}},"55":{"start":{"line":56,"column":0},"end":{"line":56,"column":4}},"56":{"start":{"line":57,"column":0},"end":{"line":57,"column":17}},"57":{"start":{"line":58,"column":0},"end":{"line":58,"column":86}},"58":{"start":{"line":59,"column":0},"end":{"line":59,"column":3}},"59":{"start":{"line":60,"column":0},"end":{"line":60,"column":0}},"60":{"start":{"line":61,"column":0},"end":{"line":61,"column":52}},"61":{"start":{"line":62,"column":0},"end":{"line":62,"column":45}},"62":{"start":{"line":63,"column":0},"end":{"line":63,"column":59}},"63":{"start":{"line":64,"column":0},"end":{"line":64,"column":8}},"64":{"start":{"line":65,"column":0},"end":{"line":65,"column":0}},"65":{"start":{"line":66,"column":0},"end":{"line":66,"column":20}},"66":{"start":{"line":67,"column":0},"end":{"line":67,"column":28}},"67":{"start":{"line":68,"column":0},"end":{"line":68,"column":11}},"68":{"start":{"line":69,"column":0},"end":{"line":69,"column":29}},"69":{"start":{"line":70,"column":0},"end":{"line":70,"column":35}},"70":{"start":{"line":71,"column":0},"end":{"line":71,"column":30}},"71":{"start":{"line":72,"column":0},"end":{"line":72,"column":27}},"72":{"start":{"line":73,"column":0},"end":{"line":73,"column":17}},"73":{"start":{"line":74,"column":0},"end":{"line":74,"column":42}},"74":{"start":{"line":75,"column":0},"end":{"line":75,"column":4}},"75":{"start":{"line":76,"column":0},"end":{"line":76,"column":0}},"76":{"start":{"line":77,"column":0},"end":{"line":77,"column":29}},"77":{"start":{"line":78,"column":0},"end":{"line":78,"column":96}},"78":{"start":{"line":79,"column":0},"end":{"line":79,"column":0}},"79":{"start":{"line":80,"column":0},"end":{"line":80,"column":89}},"80":{"start":{"line":81,"column":0},"end":{"line":81,"column":3}},"81":{"start":{"line":82,"column":0},"end":{"line":82,"column":0}},"82":{"start":{"line":83,"column":0},"end":{"line":83,"column":45}},"83":{"start":{"line":84,"column":0},"end":{"line":84,"column":37}},"84":{"start":{"line":85,"column":0},"end":{"line":85,"column":41}},"85":{"start":{"line":86,"column":0},"end":{"line":86,"column":30}},"86":{"start":{"line":87,"column":0},"end":{"line":87,"column":82}},"87":{"start":{"line":88,"column":0},"end":{"line":88,"column":3}},"88":{"start":{"line":89,"column":0},"end":{"line":89,"column":0}},"89":{"start":{"line":90,"column":0},"end":{"line":90,"column":38}},"90":{"start":{"line":91,"column":0},"end":{"line":91,"column":47}},"91":{"start":{"line":92,"column":0},"end":{"line":92,"column":45}},"92":{"start":{"line":93,"column":0},"end":{"line":93,"column":30}},"93":{"start":{"line":94,"column":0},"end":{"line":94,"column":4}},"94":{"start":{"line":95,"column":0},"end":{"line":95,"column":21}},"95":{"start":{"line":96,"column":0},"end":{"line":96,"column":85}},"96":{"start":{"line":97,"column":0},"end":{"line":97,"column":3}},"97":{"start":{"line":98,"column":0},"end":{"line":98,"column":0}},"98":{"start":{"line":99,"column":0},"end":{"line":99,"column":49}},"99":{"start":{"line":100,"column":0},"end":{"line":100,"column":0}},"100":{"start":{"line":101,"column":0},"end":{"line":101,"column":22}},"101":{"start":{"line":102,"column":0},"end":{"line":102,"column":42}},"102":{"start":{"line":103,"column":0},"end":{"line":103,"column":32}},"103":{"start":{"line":104,"column":0},"end":{"line":104,"column":30}},"104":{"start":{"line":105,"column":0},"end":{"line":105,"column":35}},"105":{"start":{"line":106,"column":0},"end":{"line":106,"column":37}},"106":{"start":{"line":107,"column":0},"end":{"line":107,"column":29}},"107":{"start":{"line":108,"column":0},"end":{"line":108,"column":56}},"108":{"start":{"line":109,"column":0},"end":{"line":109,"column":5}},"109":{"start":{"line":110,"column":0},"end":{"line":110,"column":0}},"110":{"start":{"line":111,"column":0},"end":{"line":111,"column":76}},"111":{"start":{"line":112,"column":0},"end":{"line":112,"column":47}},"112":{"start":{"line":113,"column":0},"end":{"line":113,"column":3}},"113":{"start":{"line":114,"column":0},"end":{"line":114,"column":0}},"114":{"start":{"line":115,"column":0},"end":{"line":115,"column":81}},"115":{"start":{"line":116,"column":0},"end":{"line":116,"column":43}},"116":{"start":{"line":117,"column":0},"end":{"line":117,"column":31}},"117":{"start":{"line":118,"column":0},"end":{"line":118,"column":80}},"118":{"start":{"line":119,"column":0},"end":{"line":119,"column":0}},"119":{"start":{"line":120,"column":0},"end":{"line":120,"column":69}},"120":{"start":{"line":121,"column":0},"end":{"line":121,"column":86}},"121":{"start":{"line":122,"column":0},"end":{"line":122,"column":0}},"122":{"start":{"line":123,"column":0},"end":{"line":123,"column":49}},"123":{"start":{"line":124,"column":0},"end":{"line":124,"column":0}},"124":{"start":{"line":125,"column":0},"end":{"line":125,"column":22}},"125":{"start":{"line":126,"column":0},"end":{"line":126,"column":42}},"126":{"start":{"line":127,"column":0},"end":{"line":127,"column":32}},"127":{"start":{"line":128,"column":0},"end":{"line":128,"column":30}},"128":{"start":{"line":129,"column":0},"end":{"line":129,"column":35}},"129":{"start":{"line":130,"column":0},"end":{"line":130,"column":37}},"130":{"start":{"line":131,"column":0},"end":{"line":131,"column":29}},"131":{"start":{"line":132,"column":0},"end":{"line":132,"column":56}},"132":{"start":{"line":133,"column":0},"end":{"line":133,"column":5}},"133":{"start":{"line":134,"column":0},"end":{"line":134,"column":0}},"134":{"start":{"line":135,"column":0},"end":{"line":135,"column":87}},"135":{"start":{"line":136,"column":0},"end":{"line":136,"column":50}},"136":{"start":{"line":137,"column":0},"end":{"line":137,"column":3}},"137":{"start":{"line":138,"column":0},"end":{"line":138,"column":0}},"138":{"start":{"line":139,"column":0},"end":{"line":139,"column":25}},"139":{"start":{"line":140,"column":0},"end":{"line":140,"column":42}},"140":{"start":{"line":141,"column":0},"end":{"line":141,"column":33}},"141":{"start":{"line":142,"column":0},"end":{"line":142,"column":84}},"142":{"start":{"line":143,"column":0},"end":{"line":143,"column":0}},"143":{"start":{"line":144,"column":0},"end":{"line":144,"column":69}},"144":{"start":{"line":145,"column":0},"end":{"line":145,"column":38}},"145":{"start":{"line":146,"column":0},"end":{"line":146,"column":68}},"146":{"start":{"line":147,"column":0},"end":{"line":147,"column":4}},"147":{"start":{"line":148,"column":0},"end":{"line":148,"column":21}},"148":{"start":{"line":149,"column":0},"end":{"line":149,"column":82}},"149":{"start":{"line":150,"column":0},"end":{"line":150,"column":3}},"150":{"start":{"line":151,"column":0},"end":{"line":151,"column":0}},"151":{"start":{"line":152,"column":0},"end":{"line":152,"column":39}},"152":{"start":{"line":153,"column":0},"end":{"line":153,"column":36}},"153":{"start":{"line":154,"column":0},"end":{"line":154,"column":0}},"154":{"start":{"line":155,"column":0},"end":{"line":155,"column":22}},"155":{"start":{"line":156,"column":0},"end":{"line":156,"column":42}},"156":{"start":{"line":157,"column":0},"end":{"line":157,"column":31}},"157":{"start":{"line":158,"column":0},"end":{"line":158,"column":29}},"158":{"start":{"line":159,"column":0},"end":{"line":159,"column":34}},"159":{"start":{"line":160,"column":0},"end":{"line":160,"column":36}},"160":{"start":{"line":161,"column":0},"end":{"line":161,"column":26}},"161":{"start":{"line":162,"column":0},"end":{"line":162,"column":56}},"162":{"start":{"line":163,"column":0},"end":{"line":163,"column":5}},"163":{"start":{"line":164,"column":0},"end":{"line":164,"column":0}},"164":{"start":{"line":165,"column":0},"end":{"line":165,"column":19}},"165":{"start":{"line":166,"column":0},"end":{"line":166,"column":18}},"166":{"start":{"line":167,"column":0},"end":{"line":167,"column":84}},"167":{"start":{"line":168,"column":0},"end":{"line":168,"column":4}},"168":{"start":{"line":169,"column":0},"end":{"line":169,"column":0}},"169":{"start":{"line":170,"column":0},"end":{"line":170,"column":73}},"170":{"start":{"line":171,"column":0},"end":{"line":171,"column":39}},"171":{"start":{"line":172,"column":0},"end":{"line":172,"column":68}},"172":{"start":{"line":173,"column":0},"end":{"line":173,"column":4}},"173":{"start":{"line":174,"column":0},"end":{"line":174,"column":20}},"174":{"start":{"line":175,"column":0},"end":{"line":175,"column":40}},"175":{"start":{"line":176,"column":0},"end":{"line":176,"column":21}},"176":{"start":{"line":177,"column":0},"end":{"line":177,"column":25}},"177":{"start":{"line":178,"column":0},"end":{"line":178,"column":95}},"178":{"start":{"line":179,"column":0},"end":{"line":179,"column":6}},"179":{"start":{"line":180,"column":0},"end":{"line":180,"column":3}},"180":{"start":{"line":181,"column":0},"end":{"line":181,"column":0}},"181":{"start":{"line":182,"column":0},"end":{"line":182,"column":67}},"182":{"start":{"line":183,"column":0},"end":{"line":183,"column":3}},"183":{"start":{"line":184,"column":0},"end":{"line":184,"column":0}},"184":{"start":{"line":185,"column":0},"end":{"line":185,"column":43}},"185":{"start":{"line":186,"column":0},"end":{"line":186,"column":38}},"186":{"start":{"line":187,"column":0},"end":{"line":187,"column":31}},"187":{"start":{"line":188,"column":0},"end":{"line":188,"column":80}},"188":{"start":{"line":189,"column":0},"end":{"line":189,"column":0}},"189":{"start":{"line":190,"column":0},"end":{"line":190,"column":69}},"190":{"start":{"line":191,"column":0},"end":{"line":191,"column":86}},"191":{"start":{"line":192,"column":0},"end":{"line":192,"column":0}},"192":{"start":{"line":193,"column":0},"end":{"line":193,"column":49}},"193":{"start":{"line":194,"column":0},"end":{"line":194,"column":97}},"194":{"start":{"line":195,"column":0},"end":{"line":195,"column":60}},"195":{"start":{"line":196,"column":0},"end":{"line":196,"column":3}},"196":{"start":{"line":197,"column":0},"end":{"line":197,"column":0}},"197":{"start":{"line":198,"column":0},"end":{"line":198,"column":20}},"198":{"start":{"line":199,"column":0},"end":{"line":199,"column":37}},"199":{"start":{"line":200,"column":0},"end":{"line":200,"column":25}},"200":{"start":{"line":201,"column":0},"end":{"line":201,"column":39}},"201":{"start":{"line":202,"column":0},"end":{"line":202,"column":3}},"202":{"start":{"line":203,"column":0},"end":{"line":203,"column":0}},"203":{"start":{"line":204,"column":0},"end":{"line":204,"column":32}},"204":{"start":{"line":205,"column":0},"end":{"line":205,"column":49}},"205":{"start":{"line":206,"column":0},"end":{"line":206,"column":75}},"206":{"start":{"line":207,"column":0},"end":{"line":207,"column":80}},"207":{"start":{"line":208,"column":0},"end":{"line":208,"column":81}},"208":{"start":{"line":209,"column":0},"end":{"line":209,"column":3}},"209":{"start":{"line":210,"column":0},"end":{"line":210,"column":0}},"210":{"start":{"line":211,"column":0},"end":{"line":211,"column":26}},"211":{"start":{"line":212,"column":0},"end":{"line":212,"column":43}},"212":{"start":{"line":213,"column":0},"end":{"line":213,"column":39}},"213":{"start":{"line":214,"column":0},"end":{"line":214,"column":55}},"214":{"start":{"line":215,"column":0},"end":{"line":215,"column":4}},"215":{"start":{"line":216,"column":0},"end":{"line":216,"column":44}},"216":{"start":{"line":217,"column":0},"end":{"line":217,"column":13}},"217":{"start":{"line":218,"column":0},"end":{"line":218,"column":50}},"218":{"start":{"line":219,"column":0},"end":{"line":219,"column":6}},"219":{"start":{"line":220,"column":0},"end":{"line":220,"column":21}},"220":{"start":{"line":221,"column":0},"end":{"line":221,"column":3}},"221":{"start":{"line":222,"column":0},"end":{"line":222,"column":0}},"222":{"start":{"line":223,"column":0},"end":{"line":223,"column":24}}},"s":{"0":1,"1":1,"2":1,"3":1,"4":1,"5":1,"6":1,"7":1,"8":16,"9":16,"10":16,"11":16,"12":16,"13":16,"14":16,"15":16,"16":16,"17":16,"18":1,"19":133,"20":133,"21":133,"22":133,"23":133,"24":133,"25":133,"26":133,"27":1,"28":1,"29":1,"30":1,"31":1,"32":9,"33":1,"34":1,"35":1,"36":1,"37":96,"38":96,"39":96,"40":3,"41":3,"42":96,"43":2,"44":2,"45":91,"46":91,"47":96,"48":2,"49":2,"50":89,"51":89,"52":89,"53":29,"54":2,"55":89,"56":96,"57":1,"58":1,"59":88,"60":88,"61":88,"62":24,"63":96,"64":96,"65":96,"66":96,"67":96,"68":96,"69":96,"70":96,"71":96,"72":96,"73":96,"74":96,"75":96,"76":96,"77":96,"78":96,"79":96,"80":1,"81":1,"82":1,"83":1,"84":16,"85":16,"86":2,"87":2,"88":14,"89":14,"90":14,"91":13,"92":13,"93":14,"94":16,"95":2,"96":2,"97":12,"98":12,"99":12,"100":12,"101":12,"102":12,"103":12,"104":12,"105":12,"106":12,"107":12,"108":12,"109":12,"110":12,"111":12,"112":1,"113":1,"114":1,"115":1,"116":7,"117":7,"118":6,"119":6,"120":7,"121":5,"122":5,"123":5,"124":5,"125":5,"126":5,"127":5,"128":5,"129":5,"130":5,"131":5,"132":5,"133":5,"134":5,"135":5,"136":1,"137":1,"138":1,"139":1,"140":21,"141":21,"142":20,"143":20,"144":20,"145":20,"146":20,"147":21,"148":1,"149":1,"150":19,"151":19,"152":19,"153":19,"154":19,"155":19,"156":19,"157":19,"158":19,"159":19,"160":19,"161":19,"162":19,"163":19,"164":19,"165":19,"166":19,"167":19,"168":19,"169":19,"170":19,"171":19,"172":19,"173":21,"174":6,"175":6,"176":6,"177":6,"178":6,"179":6,"180":19,"181":19,"182":1,"183":1,"184":1,"185":1,"186":5,"187":5,"188":4,"189":4,"190":5,"191":3,"192":3,"193":3,"194":3,"195":1,"196":1,"197":1,"198":1,"199":3,"200":3,"201":1,"202":1,"203":1,"204":1,"205":9,"206":9,"207":8,"208":1,"209":1,"210":1,"211":1,"212":8,"213":8,"214":8,"215":8,"216":8,"217":8,"218":8,"219":8,"220":1,"221":1,"222":1},"branchMap":{"0":{"type":"branch","line":9,"loc":{"start":{"line":9,"column":0},"end":{"line":18,"column":1}},"locations":[{"start":{"line":9,"column":0},"end":{"line":18,"column":1}}]},"1":{"type":"branch","line":11,"loc":{"start":{"line":11,"column":16},"end":{"line":11,"column":25}},"locations":[{"start":{"line":11,"column":16},"end":{"line":11,"column":25}}]},"2":{"type":"branch","line":17,"loc":{"start":{"line":17,"column":23},"end":{"line":17,"column":34}},"locations":[{"start":{"line":17,"column":23},"end":{"line":17,"column":34}}]},"3":{"type":"branch","line":17,"loc":{"start":{"line":17,"column":34},"end":{"line":17,"column":38}},"locations":[{"start":{"line":17,"column":34},"end":{"line":17,"column":38}}]},"4":{"type":"branch","line":10,"loc":{"start":{"line":10,"column":38},"end":{"line":10,"column":67}},"locations":[{"start":{"line":10,"column":38},"end":{"line":10,"column":67}}]},"5":{"type":"branch","line":14,"loc":{"start":{"line":14,"column":12},"end":{"line":14,"column":73}},"locations":[{"start":{"line":14,"column":12},"end":{"line":14,"column":73}}]},"6":{"type":"branch","line":14,"loc":{"start":{"line":14,"column":48},"end":{"line":14,"column":73}},"locations":[{"start":{"line":14,"column":48},"end":{"line":14,"column":73}}]},"7":{"type":"branch","line":15,"loc":{"start":{"line":15,"column":10},"end":{"line":15,"column":63}},"locations":[{"start":{"line":15,"column":10},"end":{"line":15,"column":63}}]},"8":{"type":"branch","line":16,"loc":{"start":{"line":16,"column":42},"end":{"line":16,"column":64}},"locations":[{"start":{"line":16,"column":42},"end":{"line":16,"column":64}}]},"9":{"type":"branch","line":20,"loc":{"start":{"line":20,"column":0},"end":{"line":27,"column":1}},"locations":[{"start":{"line":20,"column":0},"end":{"line":27,"column":1}}]},"10":{"type":"branch","line":32,"loc":{"start":{"line":32,"column":16},"end":{"line":34,"column":2}},"locations":[{"start":{"line":32,"column":16},"end":{"line":34,"column":2}}]},"11":{"type":"branch","line":37,"loc":{"start":{"line":37,"column":21},"end":{"line":81,"column":2}},"locations":[{"start":{"line":37,"column":21},"end":{"line":81,"column":2}}]},"12":{"type":"branch","line":40,"loc":{"start":{"line":40,"column":13},"end":{"line":40,"column":22}},"locations":[{"start":{"line":40,"column":13},"end":{"line":40,"column":22}}]},"13":{"type":"branch","line":40,"loc":{"start":{"line":40,"column":22},"end":{"line":40,"column":36}},"locations":[{"start":{"line":40,"column":22},"end":{"line":40,"column":36}}]},"14":{"type":"branch","line":40,"loc":{"start":{"line":40,"column":38},"end":{"line":42,"column":3}},"locations":[{"start":{"line":40,"column":38},"end":{"line":42,"column":3}}]},"15":{"type":"branch","line":42,"loc":{"start":{"line":42,"column":2},"end":{"line":43,"column":33}},"locations":[{"start":{"line":42,"column":2},"end":{"line":43,"column":33}}]},"16":{"type":"branch","line":43,"loc":{"start":{"line":43,"column":29},"end":{"line":43,"column":56}},"locations":[{"start":{"line":43,"column":29},"end":{"line":43,"column":56}}]},"17":{"type":"branch","line":43,"loc":{"start":{"line":43,"column":58},"end":{"line":45,"column":3}},"locations":[{"start":{"line":43,"column":58},"end":{"line":45,"column":3}}]},"18":{"type":"branch","line":45,"loc":{"start":{"line":45,"column":2},"end":{"line":48,"column":16}},"locations":[{"start":{"line":45,"column":2},"end":{"line":48,"column":16}}]},"19":{"type":"branch","line":48,"loc":{"start":{"line":48,"column":16},"end":{"line":50,"column":3}},"locations":[{"start":{"line":48,"column":16},"end":{"line":50,"column":3}}]},"20":{"type":"branch","line":50,"loc":{"start":{"line":50,"column":2},"end":{"line":57,"column":16}},"locations":[{"start":{"line":50,"column":2},"end":{"line":57,"column":16}}]},"21":{"type":"branch","line":57,"loc":{"start":{"line":57,"column":16},"end":{"line":59,"column":3}},"locations":[{"start":{"line":57,"column":16},"end":{"line":59,"column":3}}]},"22":{"type":"branch","line":59,"loc":{"start":{"line":59,"column":2},"end":{"line":62,"column":45}},"locations":[{"start":{"line":59,"column":2},"end":{"line":62,"column":45}}]},"23":{"type":"branch","line":63,"loc":{"start":{"line":63,"column":-2},"end":{"line":63,"column":59}},"locations":[{"start":{"line":63,"column":-2},"end":{"line":63,"column":59}}]},"24":{"type":"branch","line":64,"loc":{"start":{"line":64,"column":-2},"end":{"line":64,"column":7}},"locations":[{"start":{"line":64,"column":-2},"end":{"line":64,"column":7}}]},"25":{"type":"branch","line":47,"loc":{"start":{"line":47,"column":38},"end":{"line":47,"column":69}},"locations":[{"start":{"line":47,"column":38},"end":{"line":47,"column":69}}]},"26":{"type":"branch","line":53,"loc":{"start":{"line":53,"column":4},"end":{"line":55,"column":30}},"locations":[{"start":{"line":53,"column":4},"end":{"line":55,"column":30}}]},"27":{"type":"branch","line":53,"loc":{"start":{"line":53,"column":44},"end":{"line":54,"column":42}},"locations":[{"start":{"line":53,"column":44},"end":{"line":54,"column":42}}]},"28":{"type":"branch","line":54,"loc":{"start":{"line":54,"column":42},"end":{"line":55,"column":30}},"locations":[{"start":{"line":54,"column":42},"end":{"line":55,"column":30}}]},"29":{"type":"branch","line":63,"loc":{"start":{"line":63,"column":34},"end":{"line":63,"column":53}},"locations":[{"start":{"line":63,"column":34},"end":{"line":63,"column":53}}]},"30":{"type":"branch","line":84,"loc":{"start":{"line":84,"column":22},"end":{"line":113,"column":2}},"locations":[{"start":{"line":84,"column":22},"end":{"line":113,"column":2}}]},"31":{"type":"branch","line":86,"loc":{"start":{"line":86,"column":13},"end":{"line":86,"column":27}},"locations":[{"start":{"line":86,"column":13},"end":{"line":86,"column":27}}]},"32":{"type":"branch","line":86,"loc":{"start":{"line":86,"column":29},"end":{"line":88,"column":3}},"locations":[{"start":{"line":86,"column":29},"end":{"line":88,"column":3}}]},"33":{"type":"branch","line":88,"loc":{"start":{"line":88,"column":2},"end":{"line":95,"column":20}},"locations":[{"start":{"line":88,"column":2},"end":{"line":95,"column":20}}]},"34":{"type":"branch","line":95,"loc":{"start":{"line":95,"column":20},"end":{"line":97,"column":3}},"locations":[{"start":{"line":95,"column":20},"end":{"line":97,"column":3}}]},"35":{"type":"branch","line":97,"loc":{"start":{"line":97,"column":2},"end":{"line":113,"column":2}},"locations":[{"start":{"line":97,"column":2},"end":{"line":113,"column":2}}]},"36":{"type":"branch","line":91,"loc":{"start":{"line":91,"column":4},"end":{"line":93,"column":30}},"locations":[{"start":{"line":91,"column":4},"end":{"line":93,"column":30}}]},"37":{"type":"branch","line":116,"loc":{"start":{"line":116,"column":28},"end":{"line":137,"column":2}},"locations":[{"start":{"line":116,"column":28},"end":{"line":137,"column":2}}]},"38":{"type":"branch","line":118,"loc":{"start":{"line":118,"column":16},"end":{"line":118,"column":80}},"locations":[{"start":{"line":118,"column":16},"end":{"line":118,"column":80}}]},"39":{"type":"branch","line":118,"loc":{"start":{"line":118,"column":79},"end":{"line":121,"column":20}},"locations":[{"start":{"line":118,"column":79},"end":{"line":121,"column":20}}]},"40":{"type":"branch","line":121,"loc":{"start":{"line":121,"column":20},"end":{"line":121,"column":86}},"locations":[{"start":{"line":121,"column":20},"end":{"line":121,"column":86}}]},"41":{"type":"branch","line":121,"loc":{"start":{"line":121,"column":85},"end":{"line":137,"column":2}},"locations":[{"start":{"line":121,"column":85},"end":{"line":137,"column":2}}]},"42":{"type":"branch","line":120,"loc":{"start":{"line":120,"column":38},"end":{"line":120,"column":67}},"locations":[{"start":{"line":120,"column":38},"end":{"line":120,"column":67}}]},"43":{"type":"branch","line":140,"loc":{"start":{"line":140,"column":27},"end":{"line":183,"column":2}},"locations":[{"start":{"line":140,"column":27},"end":{"line":183,"column":2}}]},"44":{"type":"branch","line":142,"loc":{"start":{"line":142,"column":18},"end":{"line":142,"column":84}},"locations":[{"start":{"line":142,"column":18},"end":{"line":142,"column":84}}]},"45":{"type":"branch","line":142,"loc":{"start":{"line":142,"column":83},"end":{"line":148,"column":20}},"locations":[{"start":{"line":142,"column":83},"end":{"line":148,"column":20}}]},"46":{"type":"branch","line":148,"loc":{"start":{"line":148,"column":20},"end":{"line":150,"column":3}},"locations":[{"start":{"line":148,"column":20},"end":{"line":150,"column":3}}]},"47":{"type":"branch","line":150,"loc":{"start":{"line":150,"column":2},"end":{"line":174,"column":19}},"locations":[{"start":{"line":150,"column":2},"end":{"line":174,"column":19}}]},"48":{"type":"branch","line":174,"loc":{"start":{"line":174,"column":19},"end":{"line":180,"column":3}},"locations":[{"start":{"line":174,"column":19},"end":{"line":180,"column":3}}]},"49":{"type":"branch","line":180,"loc":{"start":{"line":180,"column":2},"end":{"line":183,"column":2}},"locations":[{"start":{"line":180,"column":2},"end":{"line":183,"column":2}}]},"50":{"type":"branch","line":146,"loc":{"start":{"line":146,"column":4},"end":{"line":146,"column":68}},"locations":[{"start":{"line":146,"column":4},"end":{"line":146,"column":68}}]},"51":{"type":"branch","line":146,"loc":{"start":{"line":146,"column":42},"end":{"line":146,"column":68}},"locations":[{"start":{"line":146,"column":42},"end":{"line":146,"column":68}}]},"52":{"type":"branch","line":172,"loc":{"start":{"line":172,"column":4},"end":{"line":172,"column":68}},"locations":[{"start":{"line":172,"column":4},"end":{"line":172,"column":68}}]},"53":{"type":"branch","line":172,"loc":{"start":{"line":172,"column":42},"end":{"line":172,"column":68}},"locations":[{"start":{"line":172,"column":42},"end":{"line":172,"column":68}}]},"54":{"type":"branch","line":186,"loc":{"start":{"line":186,"column":23},"end":{"line":196,"column":2}},"locations":[{"start":{"line":186,"column":23},"end":{"line":196,"column":2}}]},"55":{"type":"branch","line":188,"loc":{"start":{"line":188,"column":16},"end":{"line":188,"column":80}},"locations":[{"start":{"line":188,"column":16},"end":{"line":188,"column":80}}]},"56":{"type":"branch","line":188,"loc":{"start":{"line":188,"column":79},"end":{"line":191,"column":20}},"locations":[{"start":{"line":188,"column":79},"end":{"line":191,"column":20}}]},"57":{"type":"branch","line":191,"loc":{"start":{"line":191,"column":20},"end":{"line":191,"column":86}},"locations":[{"start":{"line":191,"column":20},"end":{"line":191,"column":86}}]},"58":{"type":"branch","line":191,"loc":{"start":{"line":191,"column":85},"end":{"line":196,"column":2}},"locations":[{"start":{"line":191,"column":85},"end":{"line":196,"column":2}}]},"59":{"type":"branch","line":190,"loc":{"start":{"line":190,"column":38},"end":{"line":190,"column":67}},"locations":[{"start":{"line":190,"column":38},"end":{"line":190,"column":67}}]},"60":{"type":"branch","line":199,"loc":{"start":{"line":199,"column":22},"end":{"line":202,"column":2}},"locations":[{"start":{"line":199,"column":22},"end":{"line":202,"column":2}}]},"61":{"type":"branch","line":205,"loc":{"start":{"line":205,"column":34},"end":{"line":209,"column":2}},"locations":[{"start":{"line":205,"column":34},"end":{"line":209,"column":2}}]},"62":{"type":"branch","line":207,"loc":{"start":{"line":207,"column":14},"end":{"line":207,"column":80}},"locations":[{"start":{"line":207,"column":14},"end":{"line":207,"column":80}}]},"63":{"type":"branch","line":207,"loc":{"start":{"line":207,"column":79},"end":{"line":209,"column":2}},"locations":[{"start":{"line":207,"column":79},"end":{"line":209,"column":2}}]},"64":{"type":"branch","line":206,"loc":{"start":{"line":206,"column":33},"end":{"line":206,"column":73}},"locations":[{"start":{"line":206,"column":33},"end":{"line":206,"column":73}}]},"65":{"type":"branch","line":212,"loc":{"start":{"line":212,"column":28},"end":{"line":221,"column":2}},"locations":[{"start":{"line":212,"column":28},"end":{"line":221,"column":2}}]},"66":{"type":"branch","line":214,"loc":{"start":{"line":214,"column":4},"end":{"line":214,"column":55}},"locations":[{"start":{"line":214,"column":4},"end":{"line":214,"column":55}}]},"67":{"type":"branch","line":216,"loc":{"start":{"line":216,"column":33},"end":{"line":219,"column":4}},"locations":[{"start":{"line":216,"column":33},"end":{"line":219,"column":4}}]}},"b":{"0":[16],"1":[0],"2":[15],"3":[1],"4":[22],"5":[35],"6":[26],"7":[10],"8":[22],"9":[133],"10":[9],"11":[96],"12":[95],"13":[94],"14":[3],"15":[93],"16":[92],"17":[2],"18":[91],"19":[2],"20":[89],"21":[1],"22":[88],"23":[24],"24":[64],"25":[116],"26":[29],"27":[4],"28":[2],"29":[28],"30":[16],"31":[15],"32":[2],"33":[14],"34":[2],"35":[12],"36":[13],"37":[7],"38":[1],"39":[6],"40":[1],"41":[5],"42":[5],"43":[21],"44":[1],"45":[20],"46":[1],"47":[19],"48":[6],"49":[19],"50":[22],"51":[21],"52":[29],"53":[27],"54":[5],"55":[1],"56":[4],"57":[1],"58":[3],"59":[3],"60":[3],"61":[9],"62":[1],"63":[8],"64":[15],"65":[8],"66":[15],"67":[8]},"fnMap":{"0":{"name":"estimateWaitTime","decl":{"start":{"line":9,"column":0},"end":{"line":18,"column":1}},"loc":{"start":{"line":9,"column":0},"end":{"line":18,"column":1}},"line":9},"1":{"name":"pushNotification","decl":{"start":{"line":20,"column":0},"end":{"line":27,"column":1}},"loc":{"start":{"line":20,"column":0},"end":{"line":27,"column":1}},"line":20}},"f":{"0":16,"1":133}}
,"C:\\Users\\Chibuzor Ezuma\\OneDrive - University Of Houston\\Documents\\UH SPRING SEMESTER 2026\\Barber-Shop-Web-App\\backend\\routes\\serviceRoutes.js": {"path":"C:\\Users\\Chibuzor Ezuma\\OneDrive - University Of Houston\\Documents\\UH SPRING SEMESTER 2026\\Barber-Shop-Web-App\\backend\\routes\\serviceRoutes.js","all":false,"statementMap":{"0":{"start":{"line":1,"column":0},"end":{"line":1,"column":34}},"1":{"start":{"line":2,"column":0},"end":{"line":2,"column":38}},"2":{"start":{"line":3,"column":0},"end":{"line":3,"column":36}},"3":{"start":{"line":4,"column":0},"end":{"line":4,"column":44}},"4":{"start":{"line":5,"column":0},"end":{"line":5,"column":108}},"5":{"start":{"line":6,"column":0},"end":{"line":6,"column":0}},"6":{"start":{"line":7,"column":0},"end":{"line":7,"column":16}},"7":{"start":{"line":8,"column":0},"end":{"line":8,"column":31}},"8":{"start":{"line":9,"column":0},"end":{"line":9,"column":27}},"9":{"start":{"line":10,"column":0},"end":{"line":10,"column":3}},"10":{"start":{"line":11,"column":0},"end":{"line":11,"column":0}},"11":{"start":{"line":12,"column":0},"end":{"line":12,"column":20}},"12":{"start":{"line":13,"column":0},"end":{"line":13,"column":34}},"13":{"start":{"line":14,"column":0},"end":{"line":14,"column":75}},"14":{"start":{"line":15,"column":0},"end":{"line":15,"column":78}},"15":{"start":{"line":16,"column":0},"end":{"line":16,"column":20}},"16":{"start":{"line":17,"column":0},"end":{"line":17,"column":3}},"17":{"start":{"line":18,"column":0},"end":{"line":18,"column":0}},"18":{"start":{"line":19,"column":0},"end":{"line":19,"column":35}},"19":{"start":{"line":20,"column":0},"end":{"line":20,"column":32}},"20":{"start":{"line":21,"column":0},"end":{"line":21,"column":61}},"21":{"start":{"line":22,"column":0},"end":{"line":22,"column":0}},"22":{"start":{"line":23,"column":0},"end":{"line":23,"column":39}},"23":{"start":{"line":24,"column":0},"end":{"line":24,"column":73}},"24":{"start":{"line":25,"column":0},"end":{"line":25,"column":30}},"25":{"start":{"line":26,"column":0},"end":{"line":26,"column":93}},"26":{"start":{"line":27,"column":0},"end":{"line":27,"column":53}},"27":{"start":{"line":28,"column":0},"end":{"line":28,"column":72}},"28":{"start":{"line":29,"column":0},"end":{"line":29,"column":34}},"29":{"start":{"line":30,"column":0},"end":{"line":30,"column":83}},"30":{"start":{"line":31,"column":0},"end":{"line":31,"column":33}},"31":{"start":{"line":32,"column":0},"end":{"line":32,"column":86}},"32":{"start":{"line":33,"column":0},"end":{"line":33,"column":0}},"33":{"start":{"line":34,"column":0},"end":{"line":34,"column":22}},"34":{"start":{"line":35,"column":0},"end":{"line":35,"column":42}},"35":{"start":{"line":36,"column":0},"end":{"line":36,"column":67}},"36":{"start":{"line":37,"column":0},"end":{"line":37,"column":23}},"37":{"start":{"line":38,"column":0},"end":{"line":38,"column":29}},"38":{"start":{"line":39,"column":0},"end":{"line":39,"column":36}},"39":{"start":{"line":40,"column":0},"end":{"line":40,"column":13}},"40":{"start":{"line":41,"column":0},"end":{"line":41,"column":13}},"41":{"start":{"line":42,"column":0},"end":{"line":42,"column":4}},"42":{"start":{"line":43,"column":0},"end":{"line":43,"column":34}},"43":{"start":{"line":44,"column":0},"end":{"line":44,"column":76}},"44":{"start":{"line":45,"column":0},"end":{"line":45,"column":3}},"45":{"start":{"line":46,"column":0},"end":{"line":46,"column":0}},"46":{"start":{"line":47,"column":0},"end":{"line":47,"column":38}},"47":{"start":{"line":48,"column":0},"end":{"line":48,"column":34}},"48":{"start":{"line":49,"column":0},"end":{"line":49,"column":78}},"49":{"start":{"line":50,"column":0},"end":{"line":50,"column":82}},"50":{"start":{"line":51,"column":0},"end":{"line":51,"column":0}},"51":{"start":{"line":52,"column":0},"end":{"line":52,"column":61}},"52":{"start":{"line":53,"column":0},"end":{"line":53,"column":0}},"53":{"start":{"line":54,"column":0},"end":{"line":54,"column":27}},"54":{"start":{"line":55,"column":0},"end":{"line":55,"column":32}},"55":{"start":{"line":56,"column":0},"end":{"line":56,"column":82}},"56":{"start":{"line":57,"column":0},"end":{"line":57,"column":32}},"57":{"start":{"line":58,"column":0},"end":{"line":58,"column":87}},"58":{"start":{"line":59,"column":0},"end":{"line":59,"column":45}},"59":{"start":{"line":60,"column":0},"end":{"line":60,"column":3}},"60":{"start":{"line":61,"column":0},"end":{"line":61,"column":34}},"61":{"start":{"line":62,"column":0},"end":{"line":62,"column":39}},"62":{"start":{"line":63,"column":0},"end":{"line":63,"column":89}},"63":{"start":{"line":64,"column":0},"end":{"line":64,"column":59}},"64":{"start":{"line":65,"column":0},"end":{"line":65,"column":3}},"65":{"start":{"line":66,"column":0},"end":{"line":66,"column":31}},"66":{"start":{"line":67,"column":0},"end":{"line":67,"column":36}},"67":{"start":{"line":68,"column":0},"end":{"line":68,"column":85}},"68":{"start":{"line":69,"column":0},"end":{"line":69,"column":46}},"69":{"start":{"line":70,"column":0},"end":{"line":70,"column":3}},"70":{"start":{"line":71,"column":0},"end":{"line":71,"column":31}},"71":{"start":{"line":72,"column":0},"end":{"line":72,"column":35}},"72":{"start":{"line":73,"column":0},"end":{"line":73,"column":88}},"73":{"start":{"line":74,"column":0},"end":{"line":74,"column":46}},"74":{"start":{"line":75,"column":0},"end":{"line":75,"column":3}},"75":{"start":{"line":76,"column":0},"end":{"line":76,"column":0}},"76":{"start":{"line":77,"column":0},"end":{"line":77,"column":75}},"77":{"start":{"line":78,"column":0},"end":{"line":78,"column":3}},"78":{"start":{"line":79,"column":0},"end":{"line":79,"column":0}},"79":{"start":{"line":80,"column":0},"end":{"line":80,"column":41}},"80":{"start":{"line":81,"column":0},"end":{"line":81,"column":37}},"81":{"start":{"line":82,"column":0},"end":{"line":82,"column":78}},"82":{"start":{"line":83,"column":0},"end":{"line":83,"column":82}},"83":{"start":{"line":84,"column":0},"end":{"line":84,"column":52}},"84":{"start":{"line":85,"column":0},"end":{"line":85,"column":61}},"85":{"start":{"line":86,"column":0},"end":{"line":86,"column":3}},"86":{"start":{"line":87,"column":0},"end":{"line":87,"column":0}},"87":{"start":{"line":88,"column":0},"end":{"line":88,"column":24}}},"s":{"0":1,"1":1,"2":1,"3":1,"4":1,"5":1,"6":1,"7":1,"8":4,"9":1,"10":1,"11":1,"12":1,"13":5,"14":5,"15":4,"16":1,"17":1,"18":1,"19":1,"20":18,"21":18,"22":18,"23":18,"24":16,"25":18,"26":18,"27":18,"28":13,"29":18,"30":9,"31":18,"32":7,"33":7,"34":7,"35":7,"36":18,"37":18,"38":18,"39":18,"40":18,"41":18,"42":18,"43":18,"44":1,"45":1,"46":1,"47":1,"48":12,"49":12,"50":11,"51":11,"52":11,"53":12,"54":5,"55":5,"56":4,"57":5,"58":3,"59":3,"60":12,"61":2,"62":2,"63":1,"64":1,"65":12,"66":2,"67":2,"68":1,"69":1,"70":12,"71":2,"72":2,"73":1,"74":1,"75":6,"76":6,"77":1,"78":1,"79":1,"80":1,"81":4,"82":4,"83":3,"84":3,"85":1,"86":1,"87":1},"branchMap":{"0":{"type":"branch","line":8,"loc":{"start":{"line":8,"column":16},"end":{"line":10,"column":2}},"locations":[{"start":{"line":8,"column":16},"end":{"line":10,"column":2}}]},"1":{"type":"branch","line":13,"loc":{"start":{"line":13,"column":19},"end":{"line":17,"column":2}},"locations":[{"start":{"line":13,"column":19},"end":{"line":17,"column":2}}]},"2":{"type":"branch","line":15,"loc":{"start":{"line":15,"column":16},"end":{"line":15,"column":78}},"locations":[{"start":{"line":15,"column":16},"end":{"line":15,"column":78}}]},"3":{"type":"branch","line":15,"loc":{"start":{"line":15,"column":77},"end":{"line":17,"column":2}},"locations":[{"start":{"line":15,"column":77},"end":{"line":17,"column":2}}]},"4":{"type":"branch","line":14,"loc":{"start":{"line":14,"column":38},"end":{"line":14,"column":73}},"locations":[{"start":{"line":14,"column":38},"end":{"line":14,"column":73}}]},"5":{"type":"branch","line":20,"loc":{"start":{"line":20,"column":17},"end":{"line":45,"column":2}},"locations":[{"start":{"line":20,"column":17},"end":{"line":45,"column":2}}]},"6":{"type":"branch","line":23,"loc":{"start":{"line":23,"column":11},"end":{"line":23,"column":38}},"locations":[{"start":{"line":23,"column":11},"end":{"line":23,"column":38}}]},"7":{"type":"branch","line":24,"loc":{"start":{"line":24,"column":4},"end":{"line":24,"column":73}},"locations":[{"start":{"line":24,"column":4},"end":{"line":24,"column":73}}]},"8":{"type":"branch","line":24,"loc":{"start":{"line":24,"column":72},"end":{"line":25,"column":30}},"locations":[{"start":{"line":24,"column":72},"end":{"line":25,"column":30}}]},"9":{"type":"branch","line":26,"loc":{"start":{"line":26,"column":4},"end":{"line":26,"column":93}},"locations":[{"start":{"line":26,"column":4},"end":{"line":26,"column":93}}]},"10":{"type":"branch","line":26,"loc":{"start":{"line":26,"column":92},"end":{"line":27,"column":22}},"locations":[{"start":{"line":26,"column":92},"end":{"line":27,"column":22}}]},"11":{"type":"branch","line":27,"loc":{"start":{"line":27,"column":18},"end":{"line":27,"column":52}},"locations":[{"start":{"line":27,"column":18},"end":{"line":27,"column":52}}]},"12":{"type":"branch","line":28,"loc":{"start":{"line":28,"column":4},"end":{"line":28,"column":72}},"locations":[{"start":{"line":28,"column":4},"end":{"line":28,"column":72}}]},"13":{"type":"branch","line":28,"loc":{"start":{"line":28,"column":71},"end":{"line":29,"column":34}},"locations":[{"start":{"line":28,"column":71},"end":{"line":29,"column":34}}]},"14":{"type":"branch","line":30,"loc":{"start":{"line":30,"column":4},"end":{"line":30,"column":83}},"locations":[{"start":{"line":30,"column":4},"end":{"line":30,"column":83}}]},"15":{"type":"branch","line":30,"loc":{"start":{"line":30,"column":82},"end":{"line":31,"column":33}},"locations":[{"start":{"line":30,"column":82},"end":{"line":31,"column":33}}]},"16":{"type":"branch","line":32,"loc":{"start":{"line":32,"column":4},"end":{"line":32,"column":86}},"locations":[{"start":{"line":32,"column":4},"end":{"line":32,"column":86}}]},"17":{"type":"branch","line":32,"loc":{"start":{"line":32,"column":85},"end":{"line":36,"column":67}},"locations":[{"start":{"line":32,"column":85},"end":{"line":36,"column":67}}]},"18":{"type":"branch","line":37,"loc":{"start":{"line":37,"column":-2},"end":{"line":37,"column":22}},"locations":[{"start":{"line":37,"column":-2},"end":{"line":37,"column":22}}]},"19":{"type":"branch","line":36,"loc":{"start":{"line":36,"column":52},"end":{"line":36,"column":61}},"locations":[{"start":{"line":36,"column":52},"end":{"line":36,"column":61}}]},"20":{"type":"branch","line":48,"loc":{"start":{"line":48,"column":19},"end":{"line":78,"column":2}},"locations":[{"start":{"line":48,"column":19},"end":{"line":78,"column":2}}]},"21":{"type":"branch","line":50,"loc":{"start":{"line":50,"column":20},"end":{"line":50,"column":82}},"locations":[{"start":{"line":50,"column":20},"end":{"line":50,"column":82}}]},"22":{"type":"branch","line":50,"loc":{"start":{"line":50,"column":81},"end":{"line":54,"column":26}},"locations":[{"start":{"line":50,"column":81},"end":{"line":54,"column":26}}]},"23":{"type":"branch","line":54,"loc":{"start":{"line":54,"column":26},"end":{"line":60,"column":3}},"locations":[{"start":{"line":54,"column":26},"end":{"line":60,"column":3}}]},"24":{"type":"branch","line":56,"loc":{"start":{"line":56,"column":6},"end":{"line":56,"column":82}},"locations":[{"start":{"line":56,"column":6},"end":{"line":56,"column":82}}]},"25":{"type":"branch","line":56,"loc":{"start":{"line":56,"column":81},"end":{"line":57,"column":32}},"locations":[{"start":{"line":56,"column":81},"end":{"line":57,"column":32}}]},"26":{"type":"branch","line":58,"loc":{"start":{"line":58,"column":6},"end":{"line":58,"column":87}},"locations":[{"start":{"line":58,"column":6},"end":{"line":58,"column":87}}]},"27":{"type":"branch","line":58,"loc":{"start":{"line":58,"column":86},"end":{"line":60,"column":3}},"locations":[{"start":{"line":58,"column":86},"end":{"line":60,"column":3}}]},"28":{"type":"branch","line":60,"loc":{"start":{"line":60,"column":2},"end":{"line":61,"column":33}},"locations":[{"start":{"line":60,"column":2},"end":{"line":61,"column":33}}]},"29":{"type":"branch","line":61,"loc":{"start":{"line":61,"column":33},"end":{"line":65,"column":3}},"locations":[{"start":{"line":61,"column":33},"end":{"line":65,"column":3}}]},"30":{"type":"branch","line":63,"loc":{"start":{"line":63,"column":6},"end":{"line":65,"column":3}},"locations":[{"start":{"line":63,"column":6},"end":{"line":65,"column":3}}]},"31":{"type":"branch","line":65,"loc":{"start":{"line":65,"column":2},"end":{"line":66,"column":30}},"locations":[{"start":{"line":65,"column":2},"end":{"line":66,"column":30}}]},"32":{"type":"branch","line":66,"loc":{"start":{"line":66,"column":30},"end":{"line":70,"column":3}},"locations":[{"start":{"line":66,"column":30},"end":{"line":70,"column":3}}]},"33":{"type":"branch","line":68,"loc":{"start":{"line":68,"column":6},"end":{"line":70,"column":3}},"locations":[{"start":{"line":68,"column":6},"end":{"line":70,"column":3}}]},"34":{"type":"branch","line":70,"loc":{"start":{"line":70,"column":2},"end":{"line":71,"column":30}},"locations":[{"start":{"line":70,"column":2},"end":{"line":71,"column":30}}]},"35":{"type":"branch","line":71,"loc":{"start":{"line":71,"column":30},"end":{"line":75,"column":3}},"locations":[{"start":{"line":71,"column":30},"end":{"line":75,"column":3}}]},"36":{"type":"branch","line":73,"loc":{"start":{"line":73,"column":6},"end":{"line":75,"column":3}},"locations":[{"start":{"line":73,"column":6},"end":{"line":75,"column":3}}]},"37":{"type":"branch","line":75,"loc":{"start":{"line":75,"column":2},"end":{"line":78,"column":2}},"locations":[{"start":{"line":75,"column":2},"end":{"line":78,"column":2}}]},"38":{"type":"branch","line":49,"loc":{"start":{"line":49,"column":41},"end":{"line":49,"column":76}},"locations":[{"start":{"line":49,"column":41},"end":{"line":49,"column":76}}]},"39":{"type":"branch","line":81,"loc":{"start":{"line":81,"column":22},"end":{"line":86,"column":2}},"locations":[{"start":{"line":81,"column":22},"end":{"line":86,"column":2}}]},"40":{"type":"branch","line":83,"loc":{"start":{"line":83,"column":20},"end":{"line":83,"column":82}},"locations":[{"start":{"line":83,"column":20},"end":{"line":83,"column":82}}]},"41":{"type":"branch","line":83,"loc":{"start":{"line":83,"column":81},"end":{"line":86,"column":2}},"locations":[{"start":{"line":83,"column":81},"end":{"line":86,"column":2}}]},"42":{"type":"branch","line":82,"loc":{"start":{"line":82,"column":41},"end":{"line":82,"column":76}},"locations":[{"start":{"line":82,"column":41},"end":{"line":82,"column":76}}]}},"b":{"0":[4],"1":[5],"2":[1],"3":[4],"4":[8],"5":[18],"6":[17],"7":[2],"8":[16],"9":[1],"10":[15],"11":[13],"12":[2],"13":[13],"14":[4],"15":[9],"16":[2],"17":[7],"18":[0],"19":[31],"20":[12],"21":[1],"22":[11],"23":[5],"24":[1],"25":[4],"26":[1],"27":[3],"28":[9],"29":[2],"30":[1],"31":[8],"32":[2],"33":[1],"34":[7],"35":[2],"36":[1],"37":[6],"38":[15],"39":[4],"40":[1],"41":[3],"42":[16]},"fnMap":{},"f":{}}
,"C:\\Users\\Chibuzor Ezuma\\OneDrive - University Of Houston\\Documents\\UH SPRING SEMESTER 2026\\Barber-Shop-Web-App\\backend\\utils\\validators.js": {"path":"C:\\Users\\Chibuzor Ezuma\\OneDrive - University Of Houston\\Documents\\UH SPRING SEMESTER 2026\\Barber-Shop-Web-App\\backend\\utils\\validators.js","all":false,"statementMap":{"0":{"start":{"line":1,"column":0},"end":{"line":1,"column":30}},"1":{"start":{"line":2,"column":0},"end":{"line":2,"column":74}},"2":{"start":{"line":3,"column":0},"end":{"line":3,"column":0}},"3":{"start":{"line":4,"column":0},"end":{"line":4,"column":3}},"4":{"start":{"line":5,"column":0},"end":{"line":5,"column":64}},"5":{"start":{"line":6,"column":0},"end":{"line":6,"column":3}},"6":{"start":{"line":7,"column":0},"end":{"line":7,"column":34}},"7":{"start":{"line":8,"column":0},"end":{"line":8,"column":62}},"8":{"start":{"line":9,"column":0},"end":{"line":9,"column":1}},"9":{"start":{"line":10,"column":0},"end":{"line":10,"column":0}},"10":{"start":{"line":11,"column":0},"end":{"line":11,"column":3}},"11":{"start":{"line":12,"column":0},"end":{"line":12,"column":62}},"12":{"start":{"line":13,"column":0},"end":{"line":13,"column":3}},"13":{"start":{"line":14,"column":0},"end":{"line":14,"column":34}},"14":{"start":{"line":15,"column":0},"end":{"line":15,"column":67}},"15":{"start":{"line":16,"column":0},"end":{"line":16,"column":1}},"16":{"start":{"line":17,"column":0},"end":{"line":17,"column":0}},"17":{"start":{"line":18,"column":0},"end":{"line":18,"column":3}},"18":{"start":{"line":19,"column":0},"end":{"line":19,"column":64}},"19":{"start":{"line":20,"column":0},"end":{"line":20,"column":3}},"20":{"start":{"line":21,"column":0},"end":{"line":21,"column":43}},"21":{"start":{"line":22,"column":0},"end":{"line":22,"column":64}},"22":{"start":{"line":23,"column":0},"end":{"line":23,"column":1}},"23":{"start":{"line":24,"column":0},"end":{"line":24,"column":0}},"24":{"start":{"line":25,"column":0},"end":{"line":25,"column":3}},"25":{"start":{"line":26,"column":0},"end":{"line":26,"column":64}},"26":{"start":{"line":27,"column":0},"end":{"line":27,"column":3}},"27":{"start":{"line":28,"column":0},"end":{"line":28,"column":33}},"28":{"start":{"line":29,"column":0},"end":{"line":29,"column":51}},"29":{"start":{"line":30,"column":0},"end":{"line":30,"column":1}},"30":{"start":{"line":31,"column":0},"end":{"line":31,"column":0}},"31":{"start":{"line":32,"column":0},"end":{"line":32,"column":3}},"32":{"start":{"line":33,"column":0},"end":{"line":33,"column":68}},"33":{"start":{"line":34,"column":0},"end":{"line":34,"column":3}},"34":{"start":{"line":35,"column":0},"end":{"line":35,"column":46}},"35":{"start":{"line":36,"column":0},"end":{"line":36,"column":69}},"36":{"start":{"line":37,"column":0},"end":{"line":37,"column":1}},"37":{"start":{"line":38,"column":0},"end":{"line":38,"column":0}},"38":{"start":{"line":39,"column":0},"end":{"line":39,"column":18}},"39":{"start":{"line":40,"column":0},"end":{"line":40,"column":19}},"40":{"start":{"line":41,"column":0},"end":{"line":41,"column":19}},"41":{"start":{"line":42,"column":0},"end":{"line":42,"column":17}},"42":{"start":{"line":43,"column":0},"end":{"line":43,"column":18}},"43":{"start":{"line":44,"column":0},"end":{"line":44,"column":14}},"44":{"start":{"line":45,"column":0},"end":{"line":45,"column":2}}},"s":{"0":1,"1":1,"2":1,"3":1,"4":1,"5":1,"6":253,"7":253,"8":253,"9":1,"10":1,"11":1,"12":1,"13":22,"14":22,"15":22,"16":1,"17":1,"18":1,"19":1,"20":119,"21":119,"22":119,"23":1,"24":1,"25":1,"26":1,"27":17,"28":17,"29":17,"30":1,"31":1,"32":1,"33":1,"34":117,"35":117,"36":117,"37":1,"38":1,"39":1,"40":1,"41":1,"42":1,"43":1,"44":1},"branchMap":{"0":{"type":"branch","line":7,"loc":{"start":{"line":7,"column":0},"end":{"line":9,"column":1}},"locations":[{"start":{"line":7,"column":0},"end":{"line":9,"column":1}}]},"1":{"type":"branch","line":8,"loc":{"start":{"line":8,"column":34},"end":{"line":8,"column":61}},"locations":[{"start":{"line":8,"column":34},"end":{"line":8,"column":61}}]},"2":{"type":"branch","line":14,"loc":{"start":{"line":14,"column":0},"end":{"line":16,"column":1}},"locations":[{"start":{"line":14,"column":0},"end":{"line":16,"column":1}}]},"3":{"type":"branch","line":15,"loc":{"start":{"line":15,"column":34},"end":{"line":15,"column":53}},"locations":[{"start":{"line":15,"column":34},"end":{"line":15,"column":53}}]},"4":{"type":"branch","line":15,"loc":{"start":{"line":15,"column":53},"end":{"line":15,"column":66}},"locations":[{"start":{"line":15,"column":53},"end":{"line":15,"column":66}}]},"5":{"type":"branch","line":21,"loc":{"start":{"line":21,"column":0},"end":{"line":23,"column":1}},"locations":[{"start":{"line":21,"column":0},"end":{"line":23,"column":1}}]},"6":{"type":"branch","line":22,"loc":{"start":{"line":22,"column":34},"end":{"line":22,"column":63}},"locations":[{"start":{"line":22,"column":34},"end":{"line":22,"column":63}}]},"7":{"type":"branch","line":28,"loc":{"start":{"line":28,"column":0},"end":{"line":30,"column":1}},"locations":[{"start":{"line":28,"column":0},"end":{"line":30,"column":1}}]},"8":{"type":"branch","line":35,"loc":{"start":{"line":35,"column":0},"end":{"line":37,"column":1}},"locations":[{"start":{"line":35,"column":0},"end":{"line":37,"column":1}}]},"9":{"type":"branch","line":36,"loc":{"start":{"line":36,"column":32},"end":{"line":36,"column":68}},"locations":[{"start":{"line":36,"column":32},"end":{"line":36,"column":68}}]}},"b":{"0":[253],"1":[250],"2":[22],"3":[19],"4":[17],"5":[119],"6":[118],"7":[17],"8":[117],"9":[115]},"fnMap":{"0":{"name":"isNonEmptyString","decl":{"start":{"line":7,"column":0},"end":{"line":9,"column":1}},"loc":{"start":{"line":7,"column":0},"end":{"line":9,"column":1}},"line":7},"1":{"name":"isPositiveNumber","decl":{"start":{"line":14,"column":0},"end":{"line":16,"column":1}},"loc":{"start":{"line":14,"column":0},"end":{"line":16,"column":1}},"line":14},"2":{"name":"isWithinLength","decl":{"start":{"line":21,"column":0},"end":{"line":23,"column":1}},"loc":{"start":{"line":21,"column":0},"end":{"line":23,"column":1}},"line":21},"3":{"name":"isValidPriority","decl":{"start":{"line":28,"column":0},"end":{"line":30,"column":1}},"loc":{"start":{"line":28,"column":0},"end":{"line":30,"column":1}},"line":28},"4":{"name":"isValidName","decl":{"start":{"line":35,"column":0},"end":{"line":37,"column":1}},"loc":{"start":{"line":35,"column":0},"end":{"line":37,"column":1}},"line":35}},"f":{"0":253,"1":22,"2":119,"3":17,"4":117}}
}
