TN:
SF:server.js
FNF:0
FNH:0
DA:1,1
DA:2,1
DA:3,1
DA:4,1
DA:5,1
DA:6,1
DA:7,1
DA:8,1
DA:9,1
DA:10,1
DA:11,1
DA:12,1
DA:13,1
DA:14,1
DA:15,1
DA:16,1
DA:17,1
DA:18,1
DA:19,1
DA:20,1
DA:21,1
DA:22,1
DA:23,1
DA:24,1
DA:25,1
DA:26,1
DA:27,1
DA:28,1
DA:29,167
DA:30,167
DA:31,1
DA:32,1
DA:33,1
DA:34,1
DA:35,1
DA:36,1
DA:37,1
DA:38,1
DA:39,1
DA:40,0
DA:41,0
DA:42,0
DA:43,0
DA:44,0
DA:45,0
DA:46,0
DA:47,0
DA:48,0
DA:49,0
DA:50,0
DA:51,1
DA:52,1
LF:52
LH:41
BRDA:39,0,0,0
BRDA:28,1,0,167
BRDA:34,2,0,1
BRF:3
BRH:2
end_of_record
TN:
SF:data\store.js
FN:8,nextId
FN:30,reset
FNF:2
FNH:1
FNDA:0,nextId
FNDA:168,reset
DA:1,1
DA:2,1
DA:3,1
DA:4,1
DA:5,1
DA:6,1
DA:7,1
DA:8,0
DA:9,1
DA:10,1
DA:11,1
DA:12,1
DA:13,1
DA:14,1
DA:15,1
DA:16,1
DA:17,1
DA:18,1
DA:19,1
DA:20,1
DA:21,1
DA:22,1
DA:23,1
DA:24,1
DA:25,1
DA:26,1
DA:27,1
DA:28,1
DA:29,1
DA:30,1
DA:31,168
DA:32,168
DA:33,168
DA:34,168
DA:35,168
DA:36,168
DA:37,1
DA:38,1
DA:39,1
DA:40,1
DA:41,1
DA:42,1
DA:43,1
DA:44,1
DA:45,1
LF:45
LH:44
BRDA:30,0,0,168
BRDA:32,1,0,336
BRDA:33,2,0,672
BRF:3
BRH:3
end_of_record
TN:
SF:routes\authRoutes.js
FNF:0
FNH:0
DA:1,1
DA:2,1
DA:3,1
DA:4,1
DA:5,1
DA:6,1
DA:7,1
DA:8,12
DA:9,12
DA:10,12
DA:11,4
DA:12,4
DA:13,8
DA:14,8
DA:15,12
DA:16,2
DA:17,2
DA:18,6
DA:19,6
DA:20,6
DA:21,6
DA:22,6
DA:23,6
DA:24,6
DA:25,6
DA:26,6
DA:27,6
DA:28,6
DA:29,1
DA:30,1
DA:31,1
DA:32,1
DA:33,7
DA:34,7
DA:35,7
DA:36,7
DA:37,7
DA:38,7
DA:39,7
DA:40,3
DA:41,3
DA:42,4
DA:43,4
DA:44,1
DA:45,1
DA:46,1
LF:46
LH:46
BRDA:7,0,0,12
BRDA:10,1,0,10
BRDA:10,2,0,9
BRDA:10,3,0,4
BRDA:12,4,0,8
BRDA:15,5,0,2
BRDA:17,6,0,6
BRDA:14,7,0,16
BRDA:32,8,0,7
BRDA:39,9,0,3
BRDA:41,10,0,4
BRDA:36,11,0,15
BRDA:36,12,0,5
BRF:13
BRH:13
end_of_record
TN:
SF:routes\historyRoutes.js
FNF:0
FNH:0
DA:1,1
DA:2,1
DA:3,1
DA:4,1
DA:5,1
DA:6,1
DA:7,1
DA:8,3
DA:9,1
DA:10,1
DA:11,1
DA:12,1
DA:13,13
DA:14,13
DA:15,13
DA:16,13
DA:17,1
DA:18,1
DA:19,1
LF:19
LH:19
BRDA:7,0,0,3
BRDA:12,1,0,13
BRDA:14,2,0,14
BRF:3
BRH:3
end_of_record
TN:
SF:routes\notificationRoutes.js
FNF:0
FNH:0
DA:1,1
DA:2,1
DA:3,1
DA:4,1
DA:5,1
DA:6,1
DA:7,1
DA:8,18
DA:9,18
DA:10,18
DA:11,18
DA:12,1
DA:13,1
DA:14,1
DA:15,1
DA:16,3
DA:17,3
DA:18,2
DA:19,2
DA:20,1
DA:21,1
DA:22,1
LF:22
LH:22
BRDA:7,0,0,18
BRDA:9,1,0,32
BRDA:15,2,0,3
BRDA:17,3,0,1
BRDA:17,4,0,2
BRDA:16,5,0,2
BRF:6
BRH:6
end_of_record
TN:
SF:routes\queueRoutes.js
FN:9,estimateWaitTime
FN:20,pushNotification
FNF:2
FNH:2
FNDA:16,estimateWaitTime
FNDA:133,pushNotification
DA:1,1
DA:2,1
DA:3,1
DA:4,1
DA:5,1
DA:6,1
DA:7,1
DA:8,1
DA:9,16
DA:10,16
DA:11,16
DA:12,16
DA:13,16
DA:14,16
DA:15,16
DA:16,16
DA:17,16
DA:18,16
DA:19,1
DA:20,133
DA:21,133
DA:22,133
DA:23,133
DA:24,133
DA:25,133
DA:26,133
DA:27,133
DA:28,1
DA:29,1
DA:30,1
DA:31,1
DA:32,1
DA:33,9
DA:34,1
DA:35,1
DA:36,1
DA:37,1
DA:38,96
DA:39,96
DA:40,96
DA:41,3
DA:42,3
DA:43,96
DA:44,2
DA:45,2
DA:46,91
DA:47,91
DA:48,96
DA:49,2
DA:50,2
DA:51,89
DA:52,89
DA:53,89
DA:54,29
DA:55,2
DA:56,89
DA:57,96
DA:58,1
DA:59,1
DA:60,88
DA:61,88
DA:62,88
DA:63,24
DA:64,96
DA:65,96
DA:66,96
DA:67,96
DA:68,96
DA:69,96
DA:70,96
DA:71,96
DA:72,96
DA:73,96
DA:74,96
DA:75,96
DA:76,96
DA:77,96
DA:78,96
DA:79,96
DA:80,96
DA:81,1
DA:82,1
DA:83,1
DA:84,1
DA:85,16
DA:86,16
DA:87,2
DA:88,2
DA:89,14
DA:90,14
DA:91,14
DA:92,13
DA:93,13
DA:94,14
DA:95,16
DA:96,2
DA:97,2
DA:98,12
DA:99,12
DA:100,12
DA:101,12
DA:102,12
DA:103,12
DA:104,12
DA:105,12
DA:106,12
DA:107,12
DA:108,12
DA:109,12
DA:110,12
DA:111,12
DA:112,12
DA:113,1
DA:114,1
DA:115,1
DA:116,1
DA:117,7
DA:118,7
DA:119,6
DA:120,6
DA:121,7
DA:122,5
DA:123,5
DA:124,5
DA:125,5
DA:126,5
DA:127,5
DA:128,5
DA:129,5
DA:130,5
DA:131,5
DA:132,5
DA:133,5
DA:134,5
DA:135,5
DA:136,5
DA:137,1
DA:138,1
DA:139,1
DA:140,1
DA:141,21
DA:142,21
DA:143,20
DA:144,20
DA:145,20
DA:146,20
DA:147,20
DA:148,21
DA:149,1
DA:150,1
DA:151,19
DA:152,19
DA:153,19
DA:154,19
DA:155,19
DA:156,19
DA:157,19
DA:158,19
DA:159,19
DA:160,19
DA:161,19
DA:162,19
DA:163,19
DA:164,19
DA:165,19
DA:166,19
DA:167,19
DA:168,19
DA:169,19
DA:170,19
DA:171,19
DA:172,19
DA:173,19
DA:174,21
DA:175,6
DA:176,6
DA:177,6
DA:178,6
DA:179,6
DA:180,6
DA:181,19
DA:182,19
DA:183,1
DA:184,1
DA:185,1
DA:186,1
DA:187,5
DA:188,5
DA:189,4
DA:190,4
DA:191,5
DA:192,3
DA:193,3
DA:194,3
DA:195,3
DA:196,1
DA:197,1
DA:198,1
DA:199,1
DA:200,3
DA:201,3
DA:202,1
DA:203,1
DA:204,1
DA:205,1
DA:206,9
DA:207,9
DA:208,8
DA:209,1
DA:210,1
DA:211,1
DA:212,1
DA:213,8
DA:214,8
DA:215,8
DA:216,8
DA:217,8
DA:218,8
DA:219,8
DA:220,8
DA:221,1
DA:222,1
DA:223,1
LF:223
LH:223
BRDA:9,0,0,16
BRDA:11,1,0,0
BRDA:17,2,0,15
BRDA:17,3,0,1
BRDA:10,4,0,22
BRDA:14,5,0,35
BRDA:14,6,0,26
BRDA:15,7,0,10
BRDA:16,8,0,22
BRDA:20,9,0,133
BRDA:32,10,0,9
BRDA:37,11,0,96
BRDA:40,12,0,95
BRDA:40,13,0,94
BRDA:40,14,0,3
BRDA:42,15,0,93
BRDA:43,16,0,92
BRDA:43,17,0,2
BRDA:45,18,0,91
BRDA:48,19,0,2
BRDA:50,20,0,89
BRDA:57,21,0,1
BRDA:59,22,0,88
BRDA:63,23,0,24
BRDA:64,24,0,64
BRDA:47,25,0,116
BRDA:53,26,0,29
BRDA:53,27,0,4
BRDA:54,28,0,2
BRDA:63,29,0,28
BRDA:84,30,0,16
BRDA:86,31,0,15
BRDA:86,32,0,2
BRDA:88,33,0,14
BRDA:95,34,0,2
BRDA:97,35,0,12
BRDA:91,36,0,13
BRDA:116,37,0,7
BRDA:118,38,0,1
BRDA:118,39,0,6
BRDA:121,40,0,1
BRDA:121,41,0,5
BRDA:120,42,0,5
BRDA:140,43,0,21
BRDA:142,44,0,1
BRDA:142,45,0,20
BRDA:148,46,0,1
BRDA:150,47,0,19
BRDA:174,48,0,6
BRDA:180,49,0,19
BRDA:146,50,0,22
BRDA:146,51,0,21
BRDA:172,52,0,29
BRDA:172,53,0,27
BRDA:186,54,0,5
BRDA:188,55,0,1
BRDA:188,56,0,4
BRDA:191,57,0,1
BRDA:191,58,0,3
BRDA:190,59,0,3
BRDA:199,60,0,3
BRDA:205,61,0,9
BRDA:207,62,0,1
BRDA:207,63,0,8
BRDA:206,64,0,15
BRDA:212,65,0,8
BRDA:214,66,0,15
BRDA:216,67,0,8
BRF:68
BRH:67
end_of_record
TN:
SF:routes\serviceRoutes.js
FNF:0
FNH:0
DA:1,1
DA:2,1
DA:3,1
DA:4,1
DA:5,1
DA:6,1
DA:7,1
DA:8,1
DA:9,4
DA:10,1
DA:11,1
DA:12,1
DA:13,1
DA:14,5
DA:15,5
DA:16,4
DA:17,1
DA:18,1
DA:19,1
DA:20,1
DA:21,18
DA:22,18
DA:23,18
DA:24,18
DA:25,16
DA:26,18
DA:27,18
DA:28,18
DA:29,13
DA:30,18
DA:31,9
DA:32,18
DA:33,7
DA:34,7
DA:35,7
DA:36,7
DA:37,18
DA:38,18
DA:39,18
DA:40,18
DA:41,18
DA:42,18
DA:43,18
DA:44,18
DA:45,1
DA:46,1
DA:47,1
DA:48,1
DA:49,12
DA:50,12
DA:51,11
DA:52,11
DA:53,11
DA:54,12
DA:55,5
DA:56,5
DA:57,4
DA:58,5
DA:59,3
DA:60,3
DA:61,12
DA:62,2
DA:63,2
DA:64,1
DA:65,1
DA:66,12
DA:67,2
DA:68,2
DA:69,1
DA:70,1
DA:71,12
DA:72,2
DA:73,2
DA:74,1
DA:75,1
DA:76,6
DA:77,6
DA:78,1
DA:79,1
DA:80,1
DA:81,1
DA:82,4
DA:83,4
DA:84,3
DA:85,3
DA:86,1
DA:87,1
DA:88,1
LF:88
LH:88
BRDA:8,0,0,4
BRDA:13,1,0,5
BRDA:15,2,0,1
BRDA:15,3,0,4
BRDA:14,4,0,8
BRDA:20,5,0,18
BRDA:23,6,0,17
BRDA:24,7,0,2
BRDA:24,8,0,16
BRDA:26,9,0,1
BRDA:26,10,0,15
BRDA:27,11,0,13
BRDA:28,12,0,2
BRDA:28,13,0,13
BRDA:30,14,0,4
BRDA:30,15,0,9
BRDA:32,16,0,2
BRDA:32,17,0,7
BRDA:37,18,0,0
BRDA:36,19,0,31
BRDA:48,20,0,12
BRDA:50,21,0,1
BRDA:50,22,0,11
BRDA:54,23,0,5
BRDA:56,24,0,1
BRDA:56,25,0,4
BRDA:58,26,0,1
BRDA:58,27,0,3
BRDA:60,28,0,9
BRDA:61,29,0,2
BRDA:63,30,0,1
BRDA:65,31,0,8
BRDA:66,32,0,2
BRDA:68,33,0,1
BRDA:70,34,0,7
BRDA:71,35,0,2
BRDA:73,36,0,1
BRDA:75,37,0,6
BRDA:49,38,0,15
BRDA:81,39,0,4
BRDA:83,40,0,1
BRDA:83,41,0,3
BRDA:82,42,0,16
BRF:43
BRH:42
end_of_record
TN:
SF:utils\validators.js
FN:7,isNonEmptyString
FN:14,isPositiveNumber
FN:21,isWithinLength
FN:28,isValidPriority
FN:35,isValidName
FNF:5
FNH:5
FNDA:253,isNonEmptyString
FNDA:22,isPositiveNumber
FNDA:119,isWithinLength
FNDA:17,isValidPriority
FNDA:117,isValidName
DA:1,1
DA:2,1
DA:3,1
DA:4,1
DA:5,1
DA:6,1
DA:7,253
DA:8,253
DA:9,253
DA:10,1
DA:11,1
DA:12,1
DA:13,1
DA:14,22
DA:15,22
DA:16,22
DA:17,1
DA:18,1
DA:19,1
DA:20,1
DA:21,119
DA:22,119
DA:23,119
DA:24,1
DA:25,1
DA:26,1
DA:27,1
DA:28,17
DA:29,17
DA:30,17
DA:31,1
DA:32,1
DA:33,1
DA:34,1
DA:35,117
DA:36,117
DA:37,117
DA:38,1
DA:39,1
DA:40,1
DA:41,1
DA:42,1
DA:43,1
DA:44,1
DA:45,1
LF:45
LH:45
BRDA:7,0,0,253
BRDA:8,1,0,250
BRDA:14,2,0,22
BRDA:15,3,0,19
BRDA:15,4,0,17
BRDA:21,5,0,119
BRDA:22,6,0,118
BRDA:28,7,0,17
BRDA:35,8,0,117
BRDA:36,9,0,115
BRF:10
BRH:10
end_of_record
